{"/Volumes/Z7S/development/GalaxyDevelopers/DEVELOPER_SYSTEM/McKinsey_Transformation/Horizon_1_Simplify/SecureCommandExecutor.js": {"path":"/Volumes/Z7S/development/GalaxyDevelopers/DEVELOPER_SYSTEM/McKinsey_Transformation/Horizon_1_Simplify/SecureCommandExecutor.js","statementMap":{"0":{"start":{"line":6,"column":18},"end":{"line":6,"column":42}},"1":{"start":{"line":11,"column":8},"end":{"line":42,"column":10}},"2":{"start":{"line":44,"column":8},"end":{"line":44,"column":41}},"3":{"start":{"line":49,"column":8},"end":{"line":51,"column":9}},"4":{"start":{"line":50,"column":12},"end":{"line":50,"column":54}},"5":{"start":{"line":53,"column":8},"end":{"line":57,"column":28}},"6":{"start":{"line":62,"column":31},"end":{"line":62,"column":64}},"7":{"start":{"line":63,"column":8},"end":{"line":65,"column":9}},"8":{"start":{"line":64,"column":12},"end":{"line":64,"column":71}},"9":{"start":{"line":68,"column":8},"end":{"line":76,"column":9}},"10":{"start":{"line":69,"column":12},"end":{"line":74,"column":15}},"11":{"start":{"line":70,"column":34},"end":{"line":70,"column":57}},"12":{"start":{"line":71,"column":16},"end":{"line":73,"column":17}},"13":{"start":{"line":72,"column":20},"end":{"line":72,"column":79}},"14":{"start":{"line":75,"column":12},"end":{"line":75,"column":24}},"15":{"start":{"line":79,"column":8},"end":{"line":89,"column":9}},"16":{"start":{"line":81,"column":31},"end":{"line":81,"column":38}},"17":{"start":{"line":82,"column":12},"end":{"line":87,"column":13}},"18":{"start":{"line":83,"column":34},"end":{"line":83,"column":64}},"19":{"start":{"line":84,"column":16},"end":{"line":86,"column":17}},"20":{"start":{"line":85,"column":20},"end":{"line":85,"column":77}},"21":{"start":{"line":88,"column":12},"end":{"line":88,"column":24}},"22":{"start":{"line":92,"column":28},"end":{"line":94,"column":9}},"23":{"start":{"line":93,"column":12},"end":{"line":93,"column":53}},"24":{"start":{"line":96,"column":8},"end":{"line":98,"column":9}},"25":{"start":{"line":97,"column":12},"end":{"line":97,"column":76}},"26":{"start":{"line":100,"column":8},"end":{"line":100,"column":20}},"27":{"start":{"line":105,"column":8},"end":{"line":182,"column":11}},"28":{"start":{"line":106,"column":12},"end":{"line":181,"column":13}},"29":{"start":{"line":107,"column":16},"end":{"line":107,"column":56}},"30":{"start":{"line":108,"column":39},"end":{"line":108,"column":72}},"31":{"start":{"line":111,"column":38},"end":{"line":113,"column":26}},"32":{"start":{"line":112,"column":38},"end":{"line":112,"column":61}},"33":{"start":{"line":116,"column":30},"end":{"line":127,"column":18}},"34":{"start":{"line":129,"column":29},"end":{"line":129,"column":31}},"35":{"start":{"line":130,"column":29},"end":{"line":130,"column":31}},"36":{"start":{"line":131,"column":33},"end":{"line":131,"column":34}},"37":{"start":{"line":134,"column":40},"end":{"line":142,"column":17}},"38":{"start":{"line":135,"column":20},"end":{"line":135,"column":46}},"39":{"start":{"line":136,"column":20},"end":{"line":140,"column":21}},"40":{"start":{"line":137,"column":24},"end":{"line":137,"column":46}},"41":{"start":{"line":138,"column":24},"end":{"line":138,"column":72}},"42":{"start":{"line":139,"column":24},"end":{"line":139,"column":37}},"43":{"start":{"line":141,"column":20},"end":{"line":141,"column":32}},"44":{"start":{"line":144,"column":16},"end":{"line":148,"column":19}},"45":{"start":{"line":145,"column":20},"end":{"line":147,"column":21}},"46":{"start":{"line":146,"column":24},"end":{"line":146,"column":50}},"47":{"start":{"line":150,"column":16},"end":{"line":154,"column":19}},"48":{"start":{"line":151,"column":20},"end":{"line":153,"column":21}},"49":{"start":{"line":152,"column":24},"end":{"line":152,"column":50}},"50":{"start":{"line":157,"column":34},"end":{"line":160,"column":42}},"51":{"start":{"line":158,"column":20},"end":{"line":158,"column":42}},"52":{"start":{"line":159,"column":20},"end":{"line":159,"column":67}},"53":{"start":{"line":162,"column":16},"end":{"line":172,"column":19}},"54":{"start":{"line":163,"column":20},"end":{"line":163,"column":44}},"55":{"start":{"line":165,"column":20},"end":{"line":171,"column":21}},"56":{"start":{"line":166,"column":24},"end":{"line":166,"column":83}},"57":{"start":{"line":167,"column":27},"end":{"line":171,"column":21}},"58":{"start":{"line":168,"column":24},"end":{"line":168,"column":68}},"59":{"start":{"line":170,"column":24},"end":{"line":170,"column":98}},"60":{"start":{"line":174,"column":16},"end":{"line":177,"column":19}},"61":{"start":{"line":175,"column":20},"end":{"line":175,"column":44}},"62":{"start":{"line":176,"column":20},"end":{"line":176,"column":83}},"63":{"start":{"line":180,"column":16},"end":{"line":180,"column":30}},"64":{"start":{"line":187,"column":22},"end":{"line":187,"column":55}},"65":{"start":{"line":188,"column":24},"end":{"line":188,"column":32}},"66":{"start":{"line":189,"column":21},"end":{"line":189,"column":35}},"67":{"start":{"line":190,"column":8},"end":{"line":190,"column":33}},"68":{"start":{"line":195,"column":34},"end":{"line":195,"column":72}},"69":{"start":{"line":196,"column":8},"end":{"line":196,"column":50}},"70":{"start":{"line":201,"column":23},"end":{"line":201,"column":50}},"71":{"start":{"line":203,"column":0},"end":{"line":220,"column":2}},"72":{"start":{"line":209,"column":8},"end":{"line":218,"column":9}},"73":{"start":{"line":210,"column":38},"end":{"line":210,"column":86}},"74":{"start":{"line":211,"column":27},"end":{"line":211,"column":77}},"75":{"start":{"line":212,"column":12},"end":{"line":215,"column":14}},"76":{"start":{"line":217,"column":12},"end":{"line":217,"column":24}}},"fnMap":{"0":{"name":"(anonymous_0)","decl":{"start":{"line":9,"column":4},"end":{"line":9,"column":5}},"loc":{"start":{"line":9,"column":18},"end":{"line":45,"column":5}},"line":9},"1":{"name":"(anonymous_1)","decl":{"start":{"line":48,"column":4},"end":{"line":48,"column":5}},"loc":{"start":{"line":48,"column":25},"end":{"line":58,"column":5}},"line":48},"2":{"name":"(anonymous_2)","decl":{"start":{"line":61,"column":4},"end":{"line":61,"column":5}},"loc":{"start":{"line":61,"column":44},"end":{"line":101,"column":5}},"line":61},"3":{"name":"(anonymous_3)","decl":{"start":{"line":69,"column":25},"end":{"line":69,"column":26}},"loc":{"start":{"line":69,"column":32},"end":{"line":74,"column":13}},"line":69},"4":{"name":"(anonymous_4)","decl":{"start":{"line":92,"column":40},"end":{"line":92,"column":41}},"loc":{"start":{"line":93,"column":12},"end":{"line":93,"column":53}},"line":93},"5":{"name":"(anonymous_5)","decl":{"start":{"line":104,"column":4},"end":{"line":104,"column":5}},"loc":{"start":{"line":104,"column":49},"end":{"line":183,"column":5}},"line":104},"6":{"name":"(anonymous_6)","decl":{"start":{"line":105,"column":27},"end":{"line":105,"column":28}},"loc":{"start":{"line":105,"column":48},"end":{"line":182,"column":9}},"line":105},"7":{"name":"(anonymous_7)","decl":{"start":{"line":112,"column":31},"end":{"line":112,"column":32}},"loc":{"start":{"line":112,"column":38},"end":{"line":112,"column":61}},"line":112},"8":{"name":"(anonymous_8)","decl":{"start":{"line":134,"column":40},"end":{"line":134,"column":41}},"loc":{"start":{"line":134,"column":50},"end":{"line":142,"column":17}},"line":134},"9":{"name":"(anonymous_9)","decl":{"start":{"line":144,"column":40},"end":{"line":144,"column":41}},"loc":{"start":{"line":144,"column":50},"end":{"line":148,"column":17}},"line":144},"10":{"name":"(anonymous_10)","decl":{"start":{"line":150,"column":40},"end":{"line":150,"column":41}},"loc":{"start":{"line":150,"column":50},"end":{"line":154,"column":17}},"line":150},"11":{"name":"(anonymous_11)","decl":{"start":{"line":157,"column":45},"end":{"line":157,"column":46}},"loc":{"start":{"line":157,"column":51},"end":{"line":160,"column":17}},"line":157},"12":{"name":"(anonymous_12)","decl":{"start":{"line":162,"column":34},"end":{"line":162,"column":35}},"loc":{"start":{"line":162,"column":52},"end":{"line":172,"column":17}},"line":162},"13":{"name":"(anonymous_13)","decl":{"start":{"line":174,"column":34},"end":{"line":174,"column":35}},"loc":{"start":{"line":174,"column":45},"end":{"line":177,"column":17}},"line":174},"14":{"name":"(anonymous_14)","decl":{"start":{"line":186,"column":4},"end":{"line":186,"column":5}},"loc":{"start":{"line":186,"column":38},"end":{"line":191,"column":5}},"line":186},"15":{"name":"(anonymous_15)","decl":{"start":{"line":194,"column":4},"end":{"line":194,"column":5}},"loc":{"start":{"line":194,"column":33},"end":{"line":197,"column":5}},"line":194},"16":{"name":"(anonymous_16)","decl":{"start":{"line":208,"column":26},"end":{"line":208,"column":27}},"loc":{"start":{"line":208,"column":65},"end":{"line":219,"column":5}},"line":208}},"branchMap":{"0":{"loc":{"start":{"line":49,"column":8},"end":{"line":51,"column":9}},"type":"if","locations":[{"start":{"line":49,"column":8},"end":{"line":51,"column":9}},{"start":{},"end":{}}],"line":49},"1":{"loc":{"start":{"line":61,"column":33},"end":{"line":61,"column":42}},"type":"default-arg","locations":[{"start":{"line":61,"column":40},"end":{"line":61,"column":42}}],"line":61},"2":{"loc":{"start":{"line":63,"column":8},"end":{"line":65,"column":9}},"type":"if","locations":[{"start":{"line":63,"column":8},"end":{"line":65,"column":9}},{"start":{},"end":{}}],"line":63},"3":{"loc":{"start":{"line":68,"column":8},"end":{"line":76,"column":9}},"type":"if","locations":[{"start":{"line":68,"column":8},"end":{"line":76,"column":9}},{"start":{},"end":{}}],"line":68},"4":{"loc":{"start":{"line":71,"column":16},"end":{"line":73,"column":17}},"type":"if","locations":[{"start":{"line":71,"column":16},"end":{"line":73,"column":17}},{"start":{},"end":{}}],"line":71},"5":{"loc":{"start":{"line":79,"column":8},"end":{"line":89,"column":9}},"type":"if","locations":[{"start":{"line":79,"column":8},"end":{"line":89,"column":9}},{"start":{},"end":{}}],"line":79},"6":{"loc":{"start":{"line":79,"column":12},"end":{"line":79,"column":54}},"type":"binary-expr","locations":[{"start":{"line":79,"column":12},"end":{"line":79,"column":33}},{"start":{"line":79,"column":37},"end":{"line":79,"column":54}}],"line":79},"7":{"loc":{"start":{"line":82,"column":12},"end":{"line":87,"column":13}},"type":"if","locations":[{"start":{"line":82,"column":12},"end":{"line":87,"column":13}},{"start":{},"end":{}}],"line":82},"8":{"loc":{"start":{"line":84,"column":16},"end":{"line":86,"column":17}},"type":"if","locations":[{"start":{"line":84,"column":16},"end":{"line":86,"column":17}},{"start":{},"end":{}}],"line":84},"9":{"loc":{"start":{"line":96,"column":8},"end":{"line":98,"column":9}},"type":"if","locations":[{"start":{"line":96,"column":8},"end":{"line":98,"column":9}},{"start":{},"end":{}}],"line":96},"10":{"loc":{"start":{"line":104,"column":38},"end":{"line":104,"column":47}},"type":"default-arg","locations":[{"start":{"line":104,"column":45},"end":{"line":104,"column":47}}],"line":104},"11":{"loc":{"start":{"line":111,"column":38},"end":{"line":113,"column":26}},"type":"cond-expr","locations":[{"start":{"line":112,"column":22},"end":{"line":112,"column":62}},{"start":{"line":113,"column":22},"end":{"line":113,"column":26}}],"line":111},"12":{"loc":{"start":{"line":123,"column":34},"end":{"line":123,"column":71}},"type":"binary-expr","locations":[{"start":{"line":123,"column":34},"end":{"line":123,"column":54}},{"start":{"line":123,"column":58},"end":{"line":123,"column":71}}],"line":123},"13":{"loc":{"start":{"line":136,"column":20},"end":{"line":140,"column":21}},"type":"if","locations":[{"start":{"line":136,"column":20},"end":{"line":140,"column":21}},{"start":{},"end":{}}],"line":136},"14":{"loc":{"start":{"line":145,"column":20},"end":{"line":147,"column":21}},"type":"if","locations":[{"start":{"line":145,"column":20},"end":{"line":147,"column":21}},{"start":{},"end":{}}],"line":145},"15":{"loc":{"start":{"line":151,"column":20},"end":{"line":153,"column":21}},"type":"if","locations":[{"start":{"line":151,"column":20},"end":{"line":153,"column":21}},{"start":{},"end":{}}],"line":151},"16":{"loc":{"start":{"line":165,"column":20},"end":{"line":171,"column":21}},"type":"if","locations":[{"start":{"line":165,"column":20},"end":{"line":171,"column":21}},{"start":{"line":167,"column":27},"end":{"line":171,"column":21}}],"line":165},"17":{"loc":{"start":{"line":167,"column":27},"end":{"line":171,"column":21}},"type":"if","locations":[{"start":{"line":167,"column":27},"end":{"line":171,"column":21}},{"start":{"line":169,"column":27},"end":{"line":171,"column":21}}],"line":167},"18":{"loc":{"start":{"line":208,"column":48},"end":{"line":208,"column":60}},"type":"default-arg","locations":[{"start":{"line":208,"column":58},"end":{"line":208,"column":60}}],"line":208}},"s":{"0":3,"1":3,"2":3,"3":2,"4":0,"5":2,"6":3,"7":3,"8":2,"9":1,"10":1,"11":1,"12":1,"13":0,"14":1,"15":0,"16":0,"17":0,"18":0,"19":0,"20":0,"21":0,"22":0,"23":0,"24":0,"25":0,"26":0,"27":3,"28":3,"29":3,"30":1,"31":1,"32":1,"33":1,"34":1,"35":1,"36":1,"37":1,"38":1,"39":1,"40":0,"41":0,"42":0,"43":1,"44":1,"45":1,"46":1,"47":1,"48":0,"49":0,"50":1,"51":0,"52":0,"53":1,"54":1,"55":1,"56":0,"57":1,"58":1,"59":0,"60":1,"61":0,"62":0,"63":2,"64":3,"65":3,"66":3,"67":3,"68":0,"69":0,"70":3,"71":3,"72":3,"73":3,"74":3,"75":1,"76":2},"f":{"0":3,"1":2,"2":3,"3":1,"4":0,"5":3,"6":3,"7":1,"8":1,"9":1,"10":0,"11":0,"12":1,"13":0,"14":3,"15":0,"16":3},"b":{"0":[0,2],"1":[0],"2":[2,1],"3":[1,0],"4":[0,1],"5":[0,0],"6":[0,0],"7":[0,0],"8":[0,0],"9":[0,0],"10":[0],"11":[1,0],"12":[1,0],"13":[0,1],"14":[1,0],"15":[0,0],"16":[0,1],"17":[1,0],"18":[3]},"_coverageSchema":"1a1c01bbd47fc00a2c39e90264f33305004495a9","hash":"5034f0c96304c6181cc2dc83653d3579f7da2ee4"}
,"/Volumes/Z7S/development/GalaxyDevelopers/DEVELOPER_SYSTEM/McKinsey_Transformation/Horizon_1_Simplify/Week1_Security_Fixes.js": {"path":"/Volumes/Z7S/development/GalaxyDevelopers/DEVELOPER_SYSTEM/McKinsey_Transformation/Horizon_1_Simplify/Week1_Security_Fixes.js","statementMap":{"0":{"start":{"line":7,"column":18},"end":{"line":7,"column":42}},"1":{"start":{"line":8,"column":12},"end":{"line":8,"column":35}},"2":{"start":{"line":9,"column":12},"end":{"line":9,"column":26}},"3":{"start":{"line":11,"column":15},"end":{"line":11,"column":32}},"4":{"start":{"line":12,"column":18},"end":{"line":12,"column":47}},"5":{"start":{"line":22,"column":33},"end":{"line":22,"column":67}},"6":{"start":{"line":28,"column":19},"end":{"line":28,"column":94}},"7":{"start":{"line":29,"column":19},"end":{"line":29,"column":24}},"8":{"start":{"line":34,"column":22},"end":{"line":48,"column":1}},"9":{"start":{"line":35,"column":2},"end":{"line":47,"column":4}},"10":{"start":{"line":53,"column":26},"end":{"line":81,"column":1}},"11":{"start":{"line":54,"column":21},"end":{"line":54,"column":49}},"12":{"start":{"line":55,"column":16},"end":{"line":55,"column":54}},"13":{"start":{"line":57,"column":2},"end":{"line":62,"column":3}},"14":{"start":{"line":58,"column":4},"end":{"line":61,"column":7}},"15":{"start":{"line":64,"column":2},"end":{"line":80,"column":5}},"16":{"start":{"line":65,"column":4},"end":{"line":76,"column":5}},"17":{"start":{"line":66,"column":6},"end":{"line":71,"column":7}},"18":{"start":{"line":67,"column":8},"end":{"line":70,"column":11}},"19":{"start":{"line":72,"column":6},"end":{"line":75,"column":9}},"20":{"start":{"line":78,"column":4},"end":{"line":78,"column":23}},"21":{"start":{"line":79,"column":4},"end":{"line":79,"column":11}},"22":{"start":{"line":90,"column":26},"end":{"line":149,"column":1}},"23":{"start":{"line":154,"column":22},"end":{"line":177,"column":1}},"24":{"start":{"line":155,"column":2},"end":{"line":176,"column":4}},"25":{"start":{"line":156,"column":29},"end":{"line":159,"column":6}},"26":{"start":{"line":161,"column":4},"end":{"line":172,"column":5}},"27":{"start":{"line":162,"column":21},"end":{"line":165,"column":9}},"28":{"start":{"line":162,"column":50},"end":{"line":165,"column":7}},"29":{"start":{"line":167,"column":6},"end":{"line":171,"column":9}},"30":{"start":{"line":174,"column":4},"end":{"line":174,"column":30}},"31":{"start":{"line":175,"column":4},"end":{"line":175,"column":11}},"32":{"start":{"line":186,"column":21},"end":{"line":213,"column":1}},"33":{"start":{"line":222,"column":18},"end":{"line":234,"column":1}},"34":{"start":{"line":224,"column":2},"end":{"line":233,"column":5}},"35":{"start":{"line":225,"column":4},"end":{"line":232,"column":7}},"36":{"start":{"line":226,"column":6},"end":{"line":231,"column":7}},"37":{"start":{"line":227,"column":8},"end":{"line":227,"column":46}},"38":{"start":{"line":228,"column":8},"end":{"line":228,"column":55}},"39":{"start":{"line":230,"column":8},"end":{"line":230,"column":22}},"40":{"start":{"line":243,"column":30},"end":{"line":271,"column":1}},"41":{"start":{"line":244,"column":19},"end":{"line":244,"column":41}},"42":{"start":{"line":245,"column":18},"end":{"line":245,"column":42}},"43":{"start":{"line":246,"column":20},"end":{"line":246,"column":30}},"44":{"start":{"line":248,"column":14},"end":{"line":248,"column":15}},"45":{"start":{"line":250,"column":32},"end":{"line":268,"column":3}},"46":{"start":{"line":251,"column":4},"end":{"line":251,"column":12}},"47":{"start":{"line":254,"column":4},"end":{"line":256,"column":5}},"48":{"start":{"line":255,"column":6},"end":{"line":255,"column":74}},"49":{"start":{"line":259,"column":4},"end":{"line":261,"column":5}},"50":{"start":{"line":260,"column":6},"end":{"line":260,"column":62}},"51":{"start":{"line":263,"column":4},"end":{"line":267,"column":5}},"52":{"start":{"line":264,"column":6},"end":{"line":264,"column":33}},"53":{"start":{"line":266,"column":6},"end":{"line":266,"column":14}},"54":{"start":{"line":270,"column":2},"end":{"line":270,"column":43}},"55":{"start":{"line":277,"column":0},"end":{"line":287,"column":2}}},"fnMap":{"0":{"name":"(anonymous_0)","decl":{"start":{"line":34,"column":22},"end":{"line":34,"column":23}},"loc":{"start":{"line":34,"column":49},"end":{"line":48,"column":1}},"line":34},"1":{"name":"(anonymous_1)","decl":{"start":{"line":53,"column":26},"end":{"line":53,"column":27}},"loc":{"start":{"line":53,"column":46},"end":{"line":81,"column":1}},"line":53},"2":{"name":"(anonymous_2)","decl":{"start":{"line":64,"column":32},"end":{"line":64,"column":33}},"loc":{"start":{"line":64,"column":50},"end":{"line":80,"column":3}},"line":64},"3":{"name":"(anonymous_3)","decl":{"start":{"line":154,"column":22},"end":{"line":154,"column":23}},"loc":{"start":{"line":154,"column":34},"end":{"line":177,"column":1}},"line":154},"4":{"name":"(anonymous_4)","decl":{"start":{"line":155,"column":9},"end":{"line":155,"column":10}},"loc":{"start":{"line":155,"column":29},"end":{"line":176,"column":3}},"line":155},"5":{"name":"(anonymous_5)","decl":{"start":{"line":162,"column":39},"end":{"line":162,"column":40}},"loc":{"start":{"line":162,"column":50},"end":{"line":165,"column":7}},"line":162},"6":{"name":"(anonymous_6)","decl":{"start":{"line":222,"column":18},"end":{"line":222,"column":19}},"loc":{"start":{"line":222,"column":46},"end":{"line":234,"column":1}},"line":222},"7":{"name":"(anonymous_7)","decl":{"start":{"line":224,"column":21},"end":{"line":224,"column":22}},"loc":{"start":{"line":224,"column":42},"end":{"line":233,"column":3}},"line":224},"8":{"name":"(anonymous_8)","decl":{"start":{"line":225,"column":26},"end":{"line":225,"column":27}},"loc":{"start":{"line":225,"column":41},"end":{"line":232,"column":5}},"line":225},"9":{"name":"(anonymous_9)","decl":{"start":{"line":243,"column":30},"end":{"line":243,"column":31}},"loc":{"start":{"line":243,"column":66},"end":{"line":271,"column":1}},"line":243},"10":{"name":"(anonymous_10)","decl":{"start":{"line":250,"column":32},"end":{"line":250,"column":33}},"loc":{"start":{"line":250,"column":54},"end":{"line":268,"column":3}},"line":250}},"branchMap":{"0":{"loc":{"start":{"line":28,"column":19},"end":{"line":28,"column":94}},"type":"binary-expr","locations":[{"start":{"line":28,"column":19},"end":{"line":28,"column":41}},{"start":{"line":28,"column":45},"end":{"line":28,"column":94}}],"line":28},"1":{"loc":{"start":{"line":34,"column":31},"end":{"line":34,"column":44}},"type":"default-arg","locations":[{"start":{"line":34,"column":38},"end":{"line":34,"column":44}}],"line":34},"2":{"loc":{"start":{"line":55,"column":16},"end":{"line":55,"column":54}},"type":"binary-expr","locations":[{"start":{"line":55,"column":16},"end":{"line":55,"column":26}},{"start":{"line":55,"column":30},"end":{"line":55,"column":54}}],"line":55},"3":{"loc":{"start":{"line":57,"column":2},"end":{"line":62,"column":3}},"type":"if","locations":[{"start":{"line":57,"column":2},"end":{"line":62,"column":3}},{"start":{},"end":{}}],"line":57},"4":{"loc":{"start":{"line":65,"column":4},"end":{"line":76,"column":5}},"type":"if","locations":[{"start":{"line":65,"column":4},"end":{"line":76,"column":5}},{"start":{},"end":{}}],"line":65},"5":{"loc":{"start":{"line":66,"column":6},"end":{"line":71,"column":7}},"type":"if","locations":[{"start":{"line":66,"column":6},"end":{"line":71,"column":7}},{"start":{},"end":{}}],"line":66},"6":{"loc":{"start":{"line":161,"column":4},"end":{"line":172,"column":5}},"type":"if","locations":[{"start":{"line":161,"column":4},"end":{"line":172,"column":5}},{"start":{},"end":{}}],"line":161},"7":{"loc":{"start":{"line":222,"column":30},"end":{"line":222,"column":41}},"type":"default-arg","locations":[{"start":{"line":222,"column":39},"end":{"line":222,"column":41}}],"line":222},"8":{"loc":{"start":{"line":226,"column":6},"end":{"line":231,"column":7}},"type":"if","locations":[{"start":{"line":226,"column":6},"end":{"line":231,"column":7}},{"start":{"line":229,"column":13},"end":{"line":231,"column":7}}],"line":226},"9":{"loc":{"start":{"line":243,"column":49},"end":{"line":243,"column":61}},"type":"default-arg","locations":[{"start":{"line":243,"column":59},"end":{"line":243,"column":61}}],"line":243},"10":{"loc":{"start":{"line":244,"column":19},"end":{"line":244,"column":41}},"type":"binary-expr","locations":[{"start":{"line":244,"column":19},"end":{"line":244,"column":35}},{"start":{"line":244,"column":39},"end":{"line":244,"column":41}}],"line":244},"11":{"loc":{"start":{"line":245,"column":18},"end":{"line":245,"column":42}},"type":"binary-expr","locations":[{"start":{"line":245,"column":18},"end":{"line":245,"column":33}},{"start":{"line":245,"column":37},"end":{"line":245,"column":42}}],"line":245},"12":{"loc":{"start":{"line":254,"column":4},"end":{"line":256,"column":5}},"type":"if","locations":[{"start":{"line":254,"column":4},"end":{"line":256,"column":5}},{"start":{},"end":{}}],"line":254},"13":{"loc":{"start":{"line":259,"column":4},"end":{"line":261,"column":5}},"type":"if","locations":[{"start":{"line":259,"column":4},"end":{"line":261,"column":5}},{"start":{},"end":{}}],"line":259}},"s":{"0":3,"1":3,"2":3,"3":3,"4":3,"5":3,"6":3,"7":3,"8":3,"9":3,"10":3,"11":0,"12":0,"13":0,"14":0,"15":0,"16":0,"17":0,"18":0,"19":0,"20":0,"21":0,"22":3,"23":3,"24":1,"25":0,"26":0,"27":0,"28":0,"29":0,"30":0,"31":0,"32":3,"33":3,"34":0,"35":0,"36":0,"37":0,"38":0,"39":0,"40":3,"41":0,"42":0,"43":0,"44":0,"45":0,"46":0,"47":0,"48":0,"49":0,"50":0,"51":0,"52":0,"53":0,"54":0,"55":3},"f":{"0":3,"1":0,"2":0,"3":1,"4":0,"5":0,"6":0,"7":0,"8":0,"9":0,"10":0},"b":{"0":[3,0],"1":[0],"2":[0,0],"3":[0,0],"4":[0,0],"5":[0,0],"6":[0,0],"7":[0],"8":[0,0],"9":[0],"10":[0,0],"11":[0,0],"12":[0,0],"13":[0,0]},"_coverageSchema":"1a1c01bbd47fc00a2c39e90264f33305004495a9","hash":"c8b4a954b27740bc1cc9bb0dc2001f02ef00ba36"}
,"/Volumes/Z7S/development/GalaxyDevelopers/DEVELOPER_SYSTEM/McKinsey_Transformation/scripts/apply_security_patches.js": {"path":"/Volumes/Z7S/development/GalaxyDevelopers/DEVELOPER_SYSTEM/McKinsey_Transformation/scripts/apply_security_patches.js","statementMap":{"0":{"start":{"line":8,"column":11},"end":{"line":8,"column":33}},"1":{"start":{"line":9,"column":13},"end":{"line":9,"column":28}},"2":{"start":{"line":11,"column":21},"end":{"line":11,"column":87}},"3":{"start":{"line":12,"column":24},"end":{"line":12,"column":93}},"4":{"start":{"line":15,"column":4},"end":{"line":15,"column":51}},"5":{"start":{"line":17,"column":4},"end":{"line":146,"column":5}},"6":{"start":{"line":19,"column":26},"end":{"line":19,"column":65}},"7":{"start":{"line":22,"column":8},"end":{"line":48,"column":9}},"8":{"start":{"line":23,"column":12},"end":{"line":23,"column":66}},"9":{"start":{"line":26,"column":35},"end":{"line":26,"column":219}},"10":{"start":{"line":28,"column":12},"end":{"line":30,"column":13}},"11":{"start":{"line":29,"column":16},"end":{"line":29,"column":59}},"12":{"start":{"line":33,"column":12},"end":{"line":36,"column":14}},"13":{"start":{"line":38,"column":12},"end":{"line":41,"column":14}},"14":{"start":{"line":44,"column":12},"end":{"line":47,"column":14}},"15":{"start":{"line":51,"column":8},"end":{"line":65,"column":9}},"16":{"start":{"line":52,"column":12},"end":{"line":52,"column":67}},"17":{"start":{"line":55,"column":12},"end":{"line":58,"column":14}},"18":{"start":{"line":61,"column":12},"end":{"line":64,"column":14}},"19":{"start":{"line":68,"column":8},"end":{"line":89,"column":9}},"20":{"start":{"line":69,"column":12},"end":{"line":69,"column":55}},"21":{"start":{"line":72,"column":12},"end":{"line":75,"column":14}},"22":{"start":{"line":78,"column":35},"end":{"line":82,"column":1}},"23":{"start":{"line":85,"column":12},"end":{"line":88,"column":14}},"24":{"start":{"line":92,"column":8},"end":{"line":111,"column":9}},"25":{"start":{"line":93,"column":12},"end":{"line":93,"column":58}},"26":{"start":{"line":95,"column":36},"end":{"line":105,"column":1}},"27":{"start":{"line":107,"column":12},"end":{"line":110,"column":14}},"28":{"start":{"line":114,"column":8},"end":{"line":134,"column":9}},"29":{"start":{"line":115,"column":12},"end":{"line":115,"column":63}},"30":{"start":{"line":117,"column":32},"end":{"line":127,"column":1}},"31":{"start":{"line":130,"column":12},"end":{"line":133,"column":14}},"32":{"start":{"line":137,"column":8},"end":{"line":137,"column":54}},"33":{"start":{"line":138,"column":8},"end":{"line":138,"column":64}},"34":{"start":{"line":141,"column":8},"end":{"line":141,"column":33}},"35":{"start":{"line":144,"column":8},"end":{"line":144,"column":66}},"36":{"start":{"line":145,"column":8},"end":{"line":145,"column":24}},"37":{"start":{"line":150,"column":4},"end":{"line":150,"column":58}},"38":{"start":{"line":152,"column":23},"end":{"line":208,"column":1}},"39":{"start":{"line":210,"column":4},"end":{"line":213,"column":6}},"40":{"start":{"line":215,"column":4},"end":{"line":215,"column":53}},"41":{"start":{"line":219,"column":0},"end":{"line":219,"column":44}}},"fnMap":{"0":{"name":"applySecurityPatches","decl":{"start":{"line":14,"column":15},"end":{"line":14,"column":35}},"loc":{"start":{"line":14,"column":38},"end":{"line":147,"column":1}},"line":14},"1":{"name":"createAuthRoutes","decl":{"start":{"line":149,"column":15},"end":{"line":149,"column":31}},"loc":{"start":{"line":149,"column":34},"end":{"line":216,"column":1}},"line":149}},"branchMap":{"0":{"loc":{"start":{"line":22,"column":8},"end":{"line":48,"column":9}},"type":"if","locations":[{"start":{"line":22,"column":8},"end":{"line":48,"column":9}},{"start":{},"end":{}}],"line":22},"1":{"loc":{"start":{"line":28,"column":12},"end":{"line":30,"column":13}},"type":"if","locations":[{"start":{"line":28,"column":12},"end":{"line":30,"column":13}},{"start":{},"end":{}}],"line":28},"2":{"loc":{"start":{"line":51,"column":8},"end":{"line":65,"column":9}},"type":"if","locations":[{"start":{"line":51,"column":8},"end":{"line":65,"column":9}},{"start":{},"end":{}}],"line":51},"3":{"loc":{"start":{"line":68,"column":8},"end":{"line":89,"column":9}},"type":"if","locations":[{"start":{"line":68,"column":8},"end":{"line":89,"column":9}},{"start":{},"end":{}}],"line":68},"4":{"loc":{"start":{"line":92,"column":8},"end":{"line":111,"column":9}},"type":"if","locations":[{"start":{"line":92,"column":8},"end":{"line":111,"column":9}},{"start":{},"end":{}}],"line":92},"5":{"loc":{"start":{"line":114,"column":8},"end":{"line":134,"column":9}},"type":"if","locations":[{"start":{"line":114,"column":8},"end":{"line":134,"column":9}},{"start":{},"end":{}}],"line":114}},"s":{"0":0,"1":0,"2":0,"3":0,"4":0,"5":0,"6":0,"7":0,"8":0,"9":0,"10":0,"11":0,"12":0,"13":0,"14":0,"15":0,"16":0,"17":0,"18":0,"19":0,"20":0,"21":0,"22":0,"23":0,"24":0,"25":0,"26":0,"27":0,"28":0,"29":0,"30":0,"31":0,"32":0,"33":0,"34":0,"35":0,"36":0,"37":0,"38":0,"39":0,"40":0,"41":0},"f":{"0":0,"1":0},"b":{"0":[0,0],"1":[0,0],"2":[0,0],"3":[0,0],"4":[0,0],"5":[0,0]}}
,"/Volumes/Z7S/development/GalaxyDevelopers/DEVELOPER_SYSTEM/McKinsey_Transformation/scripts/migrate_async_operations.js": {"path":"/Volumes/Z7S/development/GalaxyDevelopers/DEVELOPER_SYSTEM/McKinsey_Transformation/scripts/migrate_async_operations.js","statementMap":{"0":{"start":{"line":8,"column":11},"end":{"line":8,"column":33}},"1":{"start":{"line":9,"column":13},"end":{"line":9,"column":28}},"2":{"start":{"line":11,"column":25},"end":{"line":15,"column":1}},"3":{"start":{"line":18,"column":4},"end":{"line":18,"column":55}},"4":{"start":{"line":20,"column":4},"end":{"line":81,"column":5}},"5":{"start":{"line":21,"column":25},"end":{"line":21,"column":55}},"6":{"start":{"line":23,"column":8},"end":{"line":80,"column":9}},"7":{"start":{"line":24,"column":23},"end":{"line":24,"column":58}},"8":{"start":{"line":25,"column":33},"end":{"line":25,"column":37}},"9":{"start":{"line":27,"column":12},"end":{"line":27,"column":73}},"10":{"start":{"line":30,"column":12},"end":{"line":33,"column":14}},"11":{"start":{"line":36,"column":12},"end":{"line":39,"column":14}},"12":{"start":{"line":42,"column":12},"end":{"line":45,"column":14}},"13":{"start":{"line":48,"column":12},"end":{"line":51,"column":14}},"14":{"start":{"line":54,"column":12},"end":{"line":57,"column":14}},"15":{"start":{"line":60,"column":12},"end":{"line":63,"column":14}},"16":{"start":{"line":66,"column":12},"end":{"line":69,"column":14}},"17":{"start":{"line":71,"column":12},"end":{"line":76,"column":13}},"18":{"start":{"line":72,"column":16},"end":{"line":72,"column":51}},"19":{"start":{"line":73,"column":16},"end":{"line":73,"column":66}},"20":{"start":{"line":75,"column":16},"end":{"line":75,"column":64}},"21":{"start":{"line":79,"column":12},"end":{"line":79,"column":80}},"22":{"start":{"line":83,"column":4},"end":{"line":83,"column":48}},"23":{"start":{"line":87,"column":0},"end":{"line":87,"column":46}}},"fnMap":{"0":{"name":"migrateAsyncOperations","decl":{"start":{"line":17,"column":15},"end":{"line":17,"column":37}},"loc":{"start":{"line":17,"column":40},"end":{"line":84,"column":1}},"line":17}},"branchMap":{"0":{"loc":{"start":{"line":71,"column":12},"end":{"line":76,"column":13}},"type":"if","locations":[{"start":{"line":71,"column":12},"end":{"line":76,"column":13}},{"start":{"line":74,"column":19},"end":{"line":76,"column":13}}],"line":71}},"s":{"0":0,"1":0,"2":0,"3":0,"4":0,"5":0,"6":0,"7":0,"8":0,"9":0,"10":0,"11":0,"12":0,"13":0,"14":0,"15":0,"16":0,"17":0,"18":0,"19":0,"20":0,"21":0,"22":0,"23":0},"f":{"0":0},"b":{"0":[0,0]}}
,"/Volumes/Z7S/development/GalaxyDevelopers/DEVELOPER_SYSTEM/McKinsey_Transformation/scripts/refactor_monolith.js": {"path":"/Volumes/Z7S/development/GalaxyDevelopers/DEVELOPER_SYSTEM/McKinsey_Transformation/scripts/refactor_monolith.js","statementMap":{"0":{"start":{"line":8,"column":11},"end":{"line":8,"column":33}},"1":{"start":{"line":9,"column":13},"end":{"line":9,"column":28}},"2":{"start":{"line":12,"column":4},"end":{"line":12,"column":53}},"3":{"start":{"line":15,"column":25},"end":{"line":15,"column":91}},"4":{"start":{"line":17,"column":4},"end":{"line":99,"column":5}},"5":{"start":{"line":18,"column":21},"end":{"line":18,"column":60}},"6":{"start":{"line":21,"column":27},"end":{"line":27,"column":9}},"7":{"start":{"line":30,"column":27},"end":{"line":30,"column":80}},"8":{"start":{"line":31,"column":8},"end":{"line":31,"column":56}},"9":{"start":{"line":34,"column":8},"end":{"line":38,"column":9}},"10":{"start":{"line":35,"column":29},"end":{"line":35,"column":60}},"11":{"start":{"line":36,"column":12},"end":{"line":36,"column":50}},"12":{"start":{"line":37,"column":12},"end":{"line":37,"column":51}},"13":{"start":{"line":41,"column":28},"end":{"line":89,"column":1}},"14":{"start":{"line":92,"column":8},"end":{"line":92,"column":59}},"15":{"start":{"line":93,"column":8},"end":{"line":93,"column":54}},"16":{"start":{"line":95,"column":8},"end":{"line":95,"column":60}},"17":{"start":{"line":98,"column":8},"end":{"line":98,"column":61}},"18":{"start":{"line":103,"column":4},"end":{"line":147,"column":3}},"19":{"start":{"line":151,"column":4},"end":{"line":182,"column":3}},"20":{"start":{"line":186,"column":4},"end":{"line":226,"column":3}},"21":{"start":{"line":230,"column":4},"end":{"line":271,"column":3}},"22":{"start":{"line":275,"column":4},"end":{"line":310,"column":3}},"23":{"start":{"line":314,"column":0},"end":{"line":314,"column":40}}},"fnMap":{"0":{"name":"refactorMonolith","decl":{"start":{"line":11,"column":15},"end":{"line":11,"column":31}},"loc":{"start":{"line":11,"column":34},"end":{"line":100,"column":1}},"line":11},"1":{"name":"extractWebSocketCode","decl":{"start":{"line":102,"column":9},"end":{"line":102,"column":29}},"loc":{"start":{"line":102,"column":36},"end":{"line":148,"column":1}},"line":102},"2":{"name":"extractUICode","decl":{"start":{"line":150,"column":9},"end":{"line":150,"column":22}},"loc":{"start":{"line":150,"column":29},"end":{"line":183,"column":1}},"line":150},"3":{"name":"extractAPICode","decl":{"start":{"line":185,"column":9},"end":{"line":185,"column":23}},"loc":{"start":{"line":185,"column":30},"end":{"line":227,"column":1}},"line":185},"4":{"name":"extractStateCode","decl":{"start":{"line":229,"column":9},"end":{"line":229,"column":25}},"loc":{"start":{"line":229,"column":32},"end":{"line":272,"column":1}},"line":229},"5":{"name":"extractUtilsCode","decl":{"start":{"line":274,"column":9},"end":{"line":274,"column":25}},"loc":{"start":{"line":274,"column":32},"end":{"line":311,"column":1}},"line":274}},"branchMap":{},"s":{"0":0,"1":0,"2":0,"3":0,"4":0,"5":0,"6":0,"7":0,"8":0,"9":0,"10":0,"11":0,"12":0,"13":0,"14":0,"15":0,"16":0,"17":0,"18":0,"19":0,"20":0,"21":0,"22":0,"23":0},"f":{"0":0,"1":0,"2":0,"3":0,"4":0,"5":0},"b":{}}
,"/Volumes/Z7S/development/GalaxyDevelopers/DEVELOPER_SYSTEM/McKinsey_Transformation/scripts/setup_error_handling.js": {"path":"/Volumes/Z7S/development/GalaxyDevelopers/DEVELOPER_SYSTEM/McKinsey_Transformation/scripts/setup_error_handling.js","statementMap":{"0":{"start":{"line":8,"column":11},"end":{"line":8,"column":33}},"1":{"start":{"line":9,"column":13},"end":{"line":9,"column":28}},"2":{"start":{"line":12,"column":4},"end":{"line":12,"column":65}},"3":{"start":{"line":15,"column":29},"end":{"line":204,"column":1}},"4":{"start":{"line":207,"column":29},"end":{"line":207,"column":85}},"5":{"start":{"line":208,"column":4},"end":{"line":208,"column":59}},"6":{"start":{"line":209,"column":4},"end":{"line":209,"column":48}},"7":{"start":{"line":212,"column":24},"end":{"line":212,"column":93}},"8":{"start":{"line":214,"column":4},"end":{"line":256,"column":5}},"9":{"start":{"line":215,"column":26},"end":{"line":215,"column":64}},"10":{"start":{"line":218,"column":8},"end":{"line":221,"column":9}},"11":{"start":{"line":219,"column":32},"end":{"line":219,"column":120}},"12":{"start":{"line":220,"column":12},"end":{"line":220,"column":52}},"13":{"start":{"line":224,"column":8},"end":{"line":227,"column":10}},"14":{"start":{"line":230,"column":8},"end":{"line":235,"column":9}},"15":{"start":{"line":231,"column":12},"end":{"line":234,"column":14}},"16":{"start":{"line":238,"column":8},"end":{"line":249,"column":9}},"17":{"start":{"line":239,"column":36},"end":{"line":244,"column":1}},"18":{"start":{"line":245,"column":12},"end":{"line":248,"column":14}},"19":{"start":{"line":251,"column":8},"end":{"line":251,"column":53}},"20":{"start":{"line":252,"column":8},"end":{"line":252,"column":63}},"21":{"start":{"line":255,"column":8},"end":{"line":255,"column":68}},"22":{"start":{"line":258,"column":4},"end":{"line":258,"column":53}},"23":{"start":{"line":262,"column":0},"end":{"line":262,"column":42}}},"fnMap":{"0":{"name":"setupErrorHandling","decl":{"start":{"line":11,"column":15},"end":{"line":11,"column":33}},"loc":{"start":{"line":11,"column":36},"end":{"line":259,"column":1}},"line":11}},"branchMap":{"0":{"loc":{"start":{"line":218,"column":8},"end":{"line":221,"column":9}},"type":"if","locations":[{"start":{"line":218,"column":8},"end":{"line":221,"column":9}},{"start":{},"end":{}}],"line":218},"1":{"loc":{"start":{"line":230,"column":8},"end":{"line":235,"column":9}},"type":"if","locations":[{"start":{"line":230,"column":8},"end":{"line":235,"column":9}},{"start":{},"end":{}}],"line":230},"2":{"loc":{"start":{"line":238,"column":8},"end":{"line":249,"column":9}},"type":"if","locations":[{"start":{"line":238,"column":8},"end":{"line":249,"column":9}},{"start":{},"end":{}}],"line":238}},"s":{"0":0,"1":0,"2":0,"3":0,"4":0,"5":0,"6":0,"7":0,"8":0,"9":0,"10":0,"11":0,"12":0,"13":0,"14":0,"15":0,"16":0,"17":0,"18":0,"19":0,"20":0,"21":0,"22":0,"23":0},"f":{"0":0},"b":{"0":[0,0],"1":[0,0],"2":[0,0]}}
,"/Volumes/Z7S/development/GalaxyDevelopers/DEVELOPER_SYSTEM/SERVER/GalaxyDevelopersAI-backend.js": {"path":"/Volumes/Z7S/development/GalaxyDevelopers/DEVELOPER_SYSTEM/SERVER/GalaxyDevelopersAI-backend.js","statementMap":{"0":{"start":{"line":2,"column":100},"end":{"line":2,"column":180}},"1":{"start":{"line":4,"column":16},"end":{"line":4,"column":34}},"2":{"start":{"line":5,"column":31},"end":{"line":5,"column":63}},"3":{"start":{"line":6,"column":19},"end":{"line":6,"column":62}},"4":{"start":{"line":7,"column":18},"end":{"line":7,"column":42}},"5":{"start":{"line":8,"column":11},"end":{"line":8,"column":24}},"6":{"start":{"line":9,"column":13},"end":{"line":9,"column":28}},"7":{"start":{"line":10,"column":14},"end":{"line":10,"column":30}},"8":{"start":{"line":11,"column":15},"end":{"line":11,"column":32}},"9":{"start":{"line":12,"column":11},"end":{"line":12,"column":24}},"10":{"start":{"line":15,"column":21},"end":{"line":15,"column":100}},"11":{"start":{"line":18,"column":12},"end":{"line":18,"column":23}},"12":{"start":{"line":19,"column":14},"end":{"line":19,"column":27}},"13":{"start":{"line":20,"column":13},"end":{"line":20,"column":25}},"14":{"start":{"line":21,"column":14},"end":{"line":21,"column":27}},"15":{"start":{"line":23,"column":12},"end":{"line":23,"column":21}},"16":{"start":{"line":25,"column":15},"end":{"line":25,"column":32}},"17":{"start":{"line":26,"column":13},"end":{"line":26,"column":28}},"18":{"start":{"line":29,"column":0},"end":{"line":29,"column":18}},"19":{"start":{"line":30,"column":0},"end":{"line":33,"column":4}},"20":{"start":{"line":35,"column":0},"end":{"line":35,"column":41}},"21":{"start":{"line":37,"column":19},"end":{"line":37,"column":35}},"22":{"start":{"line":38,"column":23},"end":{"line":38,"column":47}},"23":{"start":{"line":39,"column":25},"end":{"line":39,"column":30}},"24":{"start":{"line":41,"column":23},"end":{"line":55,"column":1}},"25":{"start":{"line":42,"column":24},"end":{"line":42,"column":154}},"26":{"start":{"line":43,"column":2},"end":{"line":43,"column":88}},"27":{"start":{"line":43,"column":37},"end":{"line":43,"column":86}},"28":{"start":{"line":44,"column":2},"end":{"line":54,"column":11}},"29":{"start":{"line":45,"column":4},"end":{"line":53,"column":5}},"30":{"start":{"line":46,"column":23},"end":{"line":46,"column":66}},"31":{"start":{"line":47,"column":6},"end":{"line":50,"column":7}},"32":{"start":{"line":48,"column":8},"end":{"line":48,"column":34}},"33":{"start":{"line":49,"column":8},"end":{"line":49,"column":55}},"34":{"start":{"line":52,"column":6},"end":{"line":52,"column":67}},"35":{"start":{"line":57,"column":0},"end":{"line":57,"column":17}},"36":{"start":{"line":59,"column":0},"end":{"line":65,"column":3}},"37":{"start":{"line":60,"column":2},"end":{"line":60,"column":49}},"38":{"start":{"line":61,"column":2},"end":{"line":61,"column":67}},"39":{"start":{"line":62,"column":2},"end":{"line":62,"column":61}},"40":{"start":{"line":63,"column":2},"end":{"line":63,"column":59}},"41":{"start":{"line":63,"column":32},"end":{"line":63,"column":59}},"42":{"start":{"line":64,"column":2},"end":{"line":64,"column":9}},"43":{"start":{"line":67,"column":0},"end":{"line":67,"column":52}},"44":{"start":{"line":68,"column":0},"end":{"line":68,"column":66}},"45":{"start":{"line":68,"column":27},"end":{"line":68,"column":64}},"46":{"start":{"line":75,"column":4},"end":{"line":98,"column":5}},"47":{"start":{"line":76,"column":32},"end":{"line":76,"column":87}},"48":{"start":{"line":77,"column":8},"end":{"line":79,"column":9}},"49":{"start":{"line":78,"column":12},"end":{"line":78,"column":89}},"50":{"start":{"line":81,"column":29},"end":{"line":81,"column":69}},"51":{"start":{"line":82,"column":22},"end":{"line":82,"column":46}},"52":{"start":{"line":83,"column":28},"end":{"line":83,"column":61}},"53":{"start":{"line":85,"column":8},"end":{"line":87,"column":9}},"54":{"start":{"line":86,"column":12},"end":{"line":86,"column":94}},"55":{"start":{"line":89,"column":25},"end":{"line":89,"column":47}},"56":{"start":{"line":90,"column":21},"end":{"line":90,"column":79}},"57":{"start":{"line":91,"column":21},"end":{"line":91,"column":65}},"58":{"start":{"line":93,"column":8},"end":{"line":93,"column":34}},"59":{"start":{"line":96,"column":8},"end":{"line":96,"column":62}},"60":{"start":{"line":97,"column":8},"end":{"line":97,"column":64}},"61":{"start":{"line":101,"column":0},"end":{"line":107,"column":3}},"62":{"start":{"line":102,"column":21},"end":{"line":102,"column":44}},"63":{"start":{"line":103,"column":4},"end":{"line":105,"column":5}},"64":{"start":{"line":104,"column":8},"end":{"line":104,"column":46}},"65":{"start":{"line":106,"column":4},"end":{"line":106,"column":23}},"66":{"start":{"line":114,"column":14},"end":{"line":153,"column":1}},"67":{"start":{"line":155,"column":22},"end":{"line":190,"column":1}},"68":{"start":{"line":157,"column":4},"end":{"line":164,"column":5}},"69":{"start":{"line":158,"column":6},"end":{"line":158,"column":36}},"70":{"start":{"line":159,"column":21},"end":{"line":159,"column":93}},"71":{"start":{"line":160,"column":6},"end":{"line":160,"column":36}},"72":{"start":{"line":162,"column":6},"end":{"line":162,"column":40}},"73":{"start":{"line":163,"column":6},"end":{"line":163,"column":82}},"74":{"start":{"line":167,"column":4},"end":{"line":178,"column":5}},"75":{"start":{"line":168,"column":6},"end":{"line":168,"column":39}},"76":{"start":{"line":169,"column":6},"end":{"line":174,"column":7}},"77":{"start":{"line":170,"column":24},"end":{"line":170,"column":62}},"78":{"start":{"line":171,"column":8},"end":{"line":171,"column":39}},"79":{"start":{"line":173,"column":8},"end":{"line":173,"column":73}},"80":{"start":{"line":176,"column":6},"end":{"line":176,"column":48}},"81":{"start":{"line":177,"column":6},"end":{"line":177,"column":46}},"82":{"start":{"line":181,"column":4},"end":{"line":188,"column":5}},"83":{"start":{"line":182,"column":6},"end":{"line":182,"column":36}},"84":{"start":{"line":183,"column":6},"end":{"line":183,"column":51}},"85":{"start":{"line":184,"column":6},"end":{"line":184,"column":43}},"86":{"start":{"line":186,"column":6},"end":{"line":186,"column":45}},"87":{"start":{"line":187,"column":6},"end":{"line":187,"column":46}},"88":{"start":{"line":196,"column":0},"end":{"line":296,"column":3}},"89":{"start":{"line":198,"column":2},"end":{"line":295,"column":3}},"90":{"start":{"line":199,"column":108},"end":{"line":199,"column":116}},"91":{"start":{"line":201,"column":4},"end":{"line":203,"column":5}},"92":{"start":{"line":202,"column":6},"end":{"line":202,"column":67}},"93":{"start":{"line":205,"column":4},"end":{"line":205,"column":42}},"94":{"start":{"line":206,"column":18},"end":{"line":206,"column":48}},"95":{"start":{"line":208,"column":19},"end":{"line":208,"column":42}},"96":{"start":{"line":209,"column":26},"end":{"line":209,"column":58}},"97":{"start":{"line":211,"column":21},"end":{"line":220,"column":6}},"98":{"start":{"line":222,"column":17},"end":{"line":222,"column":63}},"99":{"start":{"line":224,"column":23},"end":{"line":228,"column":32}},"100":{"start":{"line":230,"column":17},"end":{"line":230,"column":51}},"101":{"start":{"line":233,"column":21},"end":{"line":233,"column":22}},"102":{"start":{"line":234,"column":26},"end":{"line":234,"column":28}},"103":{"start":{"line":235,"column":22},"end":{"line":235,"column":32}},"104":{"start":{"line":236,"column":20},"end":{"line":236,"column":25}},"105":{"start":{"line":238,"column":4},"end":{"line":259,"column":5}},"106":{"start":{"line":239,"column":19},"end":{"line":239,"column":55}},"107":{"start":{"line":240,"column":6},"end":{"line":243,"column":7}},"108":{"start":{"line":242,"column":8},"end":{"line":242,"column":14}},"109":{"start":{"line":245,"column":6},"end":{"line":245,"column":19}},"110":{"start":{"line":247,"column":6},"end":{"line":247,"column":48}},"111":{"start":{"line":248,"column":25},"end":{"line":248,"column":60}},"112":{"start":{"line":249,"column":6},"end":{"line":249,"column":38}},"113":{"start":{"line":251,"column":6},"end":{"line":258,"column":10}},"114":{"start":{"line":262,"column":4},"end":{"line":264,"column":5}},"115":{"start":{"line":263,"column":6},"end":{"line":263,"column":70}},"116":{"start":{"line":265,"column":4},"end":{"line":267,"column":5}},"117":{"start":{"line":266,"column":6},"end":{"line":266,"column":63}},"118":{"start":{"line":269,"column":25},"end":{"line":269,"column":47}},"119":{"start":{"line":271,"column":4},"end":{"line":284,"column":5}},"120":{"start":{"line":272,"column":8},"end":{"line":283,"column":9}},"121":{"start":{"line":273,"column":12},"end":{"line":273,"column":42}},"122":{"start":{"line":274,"column":12},"end":{"line":279,"column":15}},"123":{"start":{"line":280,"column":12},"end":{"line":280,"column":37}},"124":{"start":{"line":282,"column":12},"end":{"line":282,"column":62}},"125":{"start":{"line":286,"column":4},"end":{"line":286,"column":41}},"126":{"start":{"line":289,"column":4},"end":{"line":289,"column":48}},"127":{"start":{"line":290,"column":4},"end":{"line":293,"column":5}},"128":{"start":{"line":291,"column":6},"end":{"line":291,"column":44}},"129":{"start":{"line":292,"column":6},"end":{"line":292,"column":64}},"130":{"start":{"line":294,"column":4},"end":{"line":294,"column":49}},"131":{"start":{"line":298,"column":13},"end":{"line":298,"column":38}},"132":{"start":{"line":299,"column":0},"end":{"line":301,"column":3}},"133":{"start":{"line":300,"column":2},"end":{"line":300,"column":55}},"134":{"start":{"line":303,"column":0},"end":{"line":303,"column":45}},"135":{"start":{"line":303,"column":28},"end":{"line":303,"column":43}},"136":{"start":{"line":304,"column":0},"end":{"line":304,"column":44}},"137":{"start":{"line":304,"column":27},"end":{"line":304,"column":42}}},"fnMap":{"0":{"name":"(anonymous_0)","decl":{"start":{"line":41,"column":23},"end":{"line":41,"column":24}},"loc":{"start":{"line":41,"column":29},"end":{"line":55,"column":1}},"line":41},"1":{"name":"(anonymous_1)","decl":{"start":{"line":43,"column":28},"end":{"line":43,"column":29}},"loc":{"start":{"line":43,"column":37},"end":{"line":43,"column":86}},"line":43},"2":{"name":"(anonymous_2)","decl":{"start":{"line":44,"column":13},"end":{"line":44,"column":14}},"loc":{"start":{"line":44,"column":25},"end":{"line":54,"column":3}},"line":44},"3":{"name":"(anonymous_3)","decl":{"start":{"line":59,"column":8},"end":{"line":59,"column":9}},"loc":{"start":{"line":59,"column":28},"end":{"line":65,"column":1}},"line":59},"4":{"name":"(anonymous_4)","decl":{"start":{"line":68,"column":13},"end":{"line":68,"column":14}},"loc":{"start":{"line":68,"column":27},"end":{"line":68,"column":64}},"line":68},"5":{"name":"getClaudeChecksumSeed","decl":{"start":{"line":74,"column":9},"end":{"line":74,"column":30}},"loc":{"start":{"line":74,"column":33},"end":{"line":99,"column":1}},"line":74},"6":{"name":"(anonymous_6)","decl":{"start":{"line":101,"column":25},"end":{"line":101,"column":26}},"loc":{"start":{"line":101,"column":39},"end":{"line":107,"column":1}},"line":101},"7":{"name":"(anonymous_7)","decl":{"start":{"line":156,"column":21},"end":{"line":156,"column":22}},"loc":{"start":{"line":156,"column":44},"end":{"line":165,"column":3}},"line":156},"8":{"name":"(anonymous_8)","decl":{"start":{"line":166,"column":13},"end":{"line":166,"column":14}},"loc":{"start":{"line":166,"column":36},"end":{"line":179,"column":3}},"line":166},"9":{"name":"(anonymous_9)","decl":{"start":{"line":180,"column":14},"end":{"line":180,"column":15}},"loc":{"start":{"line":180,"column":42},"end":{"line":189,"column":3}},"line":180},"10":{"name":"(anonymous_10)","decl":{"start":{"line":196,"column":18},"end":{"line":196,"column":19}},"loc":{"start":{"line":196,"column":38},"end":{"line":296,"column":1}},"line":196},"11":{"name":"(anonymous_11)","decl":{"start":{"line":299,"column":30},"end":{"line":299,"column":31}},"loc":{"start":{"line":299,"column":36},"end":{"line":301,"column":1}},"line":299},"12":{"name":"(anonymous_12)","decl":{"start":{"line":303,"column":22},"end":{"line":303,"column":23}},"loc":{"start":{"line":303,"column":28},"end":{"line":303,"column":43}},"line":303},"13":{"name":"(anonymous_13)","decl":{"start":{"line":304,"column":21},"end":{"line":304,"column":22}},"loc":{"start":{"line":304,"column":27},"end":{"line":304,"column":42}},"line":304}},"branchMap":{"0":{"loc":{"start":{"line":31,"column":12},"end":{"line":31,"column":62}},"type":"binary-expr","locations":[{"start":{"line":31,"column":12},"end":{"line":31,"column":35}},{"start":{"line":31,"column":39},"end":{"line":31,"column":62}}],"line":31},"1":{"loc":{"start":{"line":47,"column":6},"end":{"line":50,"column":7}},"type":"if","locations":[{"start":{"line":47,"column":6},"end":{"line":50,"column":7}},{"start":{},"end":{}}],"line":47},"2":{"loc":{"start":{"line":63,"column":2},"end":{"line":63,"column":59}},"type":"if","locations":[{"start":{"line":63,"column":2},"end":{"line":63,"column":59}},{"start":{},"end":{}}],"line":63},"3":{"loc":{"start":{"line":77,"column":8},"end":{"line":79,"column":9}},"type":"if","locations":[{"start":{"line":77,"column":8},"end":{"line":79,"column":9}},{"start":{},"end":{}}],"line":77},"4":{"loc":{"start":{"line":85,"column":8},"end":{"line":87,"column":9}},"type":"if","locations":[{"start":{"line":85,"column":8},"end":{"line":87,"column":9}},{"start":{},"end":{}}],"line":85},"5":{"loc":{"start":{"line":103,"column":4},"end":{"line":105,"column":5}},"type":"if","locations":[{"start":{"line":103,"column":4},"end":{"line":105,"column":5}},{"start":{},"end":{}}],"line":103},"6":{"loc":{"start":{"line":169,"column":6},"end":{"line":174,"column":7}},"type":"if","locations":[{"start":{"line":169,"column":6},"end":{"line":174,"column":7}},{"start":{"line":172,"column":13},"end":{"line":174,"column":7}}],"line":169},"7":{"loc":{"start":{"line":201,"column":4},"end":{"line":203,"column":5}},"type":"if","locations":[{"start":{"line":201,"column":4},"end":{"line":203,"column":5}},{"start":{},"end":{}}],"line":201},"8":{"loc":{"start":{"line":209,"column":26},"end":{"line":209,"column":58}},"type":"binary-expr","locations":[{"start":{"line":209,"column":26},"end":{"line":209,"column":31}},{"start":{"line":209,"column":35},"end":{"line":209,"column":58}}],"line":209},"9":{"loc":{"start":{"line":215,"column":21},"end":{"line":215,"column":81}},"type":"cond-expr","locations":[{"start":{"line":215,"column":49},"end":{"line":215,"column":60}},{"start":{"line":215,"column":63},"end":{"line":215,"column":81}}],"line":215},"10":{"loc":{"start":{"line":216,"column":14},"end":{"line":216,"column":53}},"type":"cond-expr","locations":[{"start":{"line":216,"column":35},"end":{"line":216,"column":39}},{"start":{"line":216,"column":42},"end":{"line":216,"column":53}}],"line":216},"11":{"loc":{"start":{"line":217,"column":14},"end":{"line":217,"column":53}},"type":"cond-expr","locations":[{"start":{"line":217,"column":35},"end":{"line":217,"column":39}},{"start":{"line":217,"column":42},"end":{"line":217,"column":53}}],"line":217},"12":{"loc":{"start":{"line":218,"column":25},"end":{"line":218,"column":60}},"type":"binary-expr","locations":[{"start":{"line":218,"column":25},"end":{"line":218,"column":34}},{"start":{"line":218,"column":38},"end":{"line":218,"column":60}}],"line":218},"13":{"loc":{"start":{"line":222,"column":47},"end":{"line":222,"column":60}},"type":"binary-expr","locations":[{"start":{"line":222,"column":47},"end":{"line":222,"column":54}},{"start":{"line":222,"column":58},"end":{"line":222,"column":60}}],"line":222},"14":{"loc":{"start":{"line":225,"column":6},"end":{"line":225,"column":57}},"type":"cond-expr","locations":[{"start":{"line":225,"column":20},"end":{"line":225,"column":52}},{"start":{"line":225,"column":55},"end":{"line":225,"column":57}}],"line":225},"15":{"loc":{"start":{"line":226,"column":6},"end":{"line":226,"column":45}},"type":"cond-expr","locations":[{"start":{"line":226,"column":16},"end":{"line":226,"column":40}},{"start":{"line":226,"column":43},"end":{"line":226,"column":45}}],"line":226},"16":{"loc":{"start":{"line":238,"column":11},"end":{"line":238,"column":75}},"type":"binary-expr","locations":[{"start":{"line":238,"column":11},"end":{"line":238,"column":37}},{"start":{"line":238,"column":41},"end":{"line":238,"column":75}}],"line":238},"17":{"loc":{"start":{"line":240,"column":6},"end":{"line":243,"column":7}},"type":"if","locations":[{"start":{"line":240,"column":6},"end":{"line":243,"column":7}},{"start":{},"end":{}}],"line":240},"18":{"loc":{"start":{"line":262,"column":4},"end":{"line":264,"column":5}},"type":"if","locations":[{"start":{"line":262,"column":4},"end":{"line":264,"column":5}},{"start":{},"end":{}}],"line":262},"19":{"loc":{"start":{"line":265,"column":4},"end":{"line":267,"column":5}},"type":"if","locations":[{"start":{"line":265,"column":4},"end":{"line":267,"column":5}},{"start":{},"end":{}}],"line":265},"20":{"loc":{"start":{"line":271,"column":4},"end":{"line":284,"column":5}},"type":"if","locations":[{"start":{"line":271,"column":4},"end":{"line":284,"column":5}},{"start":{},"end":{}}],"line":271},"21":{"loc":{"start":{"line":271,"column":8},"end":{"line":271,"column":39}},"type":"binary-expr","locations":[{"start":{"line":271,"column":8},"end":{"line":271,"column":17}},{"start":{"line":271,"column":21},"end":{"line":271,"column":39}}],"line":271},"22":{"loc":{"start":{"line":290,"column":4},"end":{"line":293,"column":5}},"type":"if","locations":[{"start":{"line":290,"column":4},"end":{"line":293,"column":5}},{"start":{},"end":{}}],"line":290},"23":{"loc":{"start":{"line":290,"column":8},"end":{"line":290,"column":48}},"type":"binary-expr","locations":[{"start":{"line":290,"column":8},"end":{"line":290,"column":38}},{"start":{"line":290,"column":42},"end":{"line":290,"column":48}}],"line":290},"24":{"loc":{"start":{"line":298,"column":13},"end":{"line":298,"column":38}},"type":"binary-expr","locations":[{"start":{"line":298,"column":13},"end":{"line":298,"column":29}},{"start":{"line":298,"column":33},"end":{"line":298,"column":38}}],"line":298}},"s":{"0":0,"1":0,"2":0,"3":0,"4":0,"5":0,"6":0,"7":0,"8":0,"9":0,"10":0,"11":0,"12":0,"13":0,"14":0,"15":0,"16":0,"17":0,"18":0,"19":0,"20":0,"21":0,"22":0,"23":0,"24":0,"25":0,"26":0,"27":0,"28":0,"29":0,"30":0,"31":0,"32":0,"33":0,"34":0,"35":0,"36":0,"37":0,"38":0,"39":0,"40":0,"41":0,"42":0,"43":0,"44":0,"45":0,"46":0,"47":0,"48":0,"49":0,"50":0,"51":0,"52":0,"53":0,"54":0,"55":0,"56":0,"57":0,"58":0,"59":0,"60":0,"61":0,"62":0,"63":0,"64":0,"65":0,"66":0,"67":0,"68":0,"69":0,"70":0,"71":0,"72":0,"73":0,"74":0,"75":0,"76":0,"77":0,"78":0,"79":0,"80":0,"81":0,"82":0,"83":0,"84":0,"85":0,"86":0,"87":0,"88":0,"89":0,"90":0,"91":0,"92":0,"93":0,"94":0,"95":0,"96":0,"97":0,"98":0,"99":0,"100":0,"101":0,"102":0,"103":0,"104":0,"105":0,"106":0,"107":0,"108":0,"109":0,"110":0,"111":0,"112":0,"113":0,"114":0,"115":0,"116":0,"117":0,"118":0,"119":0,"120":0,"121":0,"122":0,"123":0,"124":0,"125":0,"126":0,"127":0,"128":0,"129":0,"130":0,"131":0,"132":0,"133":0,"134":0,"135":0,"136":0,"137":0},"f":{"0":0,"1":0,"2":0,"3":0,"4":0,"5":0,"6":0,"7":0,"8":0,"9":0,"10":0,"11":0,"12":0,"13":0},"b":{"0":[0,0],"1":[0,0],"2":[0,0],"3":[0,0],"4":[0,0],"5":[0,0],"6":[0,0],"7":[0,0],"8":[0,0],"9":[0,0],"10":[0,0],"11":[0,0],"12":[0,0],"13":[0,0],"14":[0,0],"15":[0,0],"16":[0,0],"17":[0,0],"18":[0,0],"19":[0,0],"20":[0,0],"21":[0,0],"22":[0,0],"23":[0,0],"24":[0,0]}}
,"/Volumes/Z7S/development/GalaxyDevelopers/DEVELOPER_SYSTEM/SERVER/GalaxyDevelopersAI-key-rotator.js": {"path":"/Volumes/Z7S/development/GalaxyDevelopers/DEVELOPER_SYSTEM/SERVER/GalaxyDevelopersAI-key-rotator.js","statementMap":{"0":{"start":{"line":3,"column":11},"end":{"line":3,"column":24}},"1":{"start":{"line":4,"column":13},"end":{"line":4,"column":28}},"2":{"start":{"line":5,"column":24},"end":{"line":5,"column":48}},"3":{"start":{"line":7,"column":18},"end":{"line":7,"column":73}},"4":{"start":{"line":8,"column":19},"end":{"line":8,"column":84}},"5":{"start":{"line":12,"column":4},"end":{"line":12,"column":32}},"6":{"start":{"line":13,"column":4},"end":{"line":13,"column":34}},"7":{"start":{"line":14,"column":4},"end":{"line":14,"column":53}},"8":{"start":{"line":15,"column":4},"end":{"line":15,"column":48}},"9":{"start":{"line":19,"column":4},"end":{"line":25,"column":5}},"10":{"start":{"line":20,"column":22},"end":{"line":20,"column":57}},"11":{"start":{"line":21,"column":6},"end":{"line":21,"column":55}},"12":{"start":{"line":21,"column":45},"end":{"line":21,"column":53}},"13":{"start":{"line":23,"column":6},"end":{"line":23,"column":42}},"14":{"start":{"line":24,"column":6},"end":{"line":24,"column":16}},"15":{"start":{"line":29,"column":4},"end":{"line":34,"column":5}},"16":{"start":{"line":30,"column":22},"end":{"line":30,"column":58}},"17":{"start":{"line":31,"column":6},"end":{"line":31,"column":33}},"18":{"start":{"line":33,"column":6},"end":{"line":33,"column":48}},"19":{"start":{"line":38,"column":4},"end":{"line":42,"column":17}},"20":{"start":{"line":46,"column":4},"end":{"line":91,"column":5}},"21":{"start":{"line":47,"column":20},"end":{"line":47,"column":52}},"22":{"start":{"line":48,"column":21},"end":{"line":57,"column":8}},"23":{"start":{"line":59,"column":6},"end":{"line":61,"column":7}},"24":{"start":{"line":60,"column":8},"end":{"line":60,"column":62}},"25":{"start":{"line":62,"column":6},"end":{"line":62,"column":52}},"26":{"start":{"line":64,"column":23},"end":{"line":64,"column":45}},"27":{"start":{"line":67,"column":6},"end":{"line":73,"column":7}},"28":{"start":{"line":69,"column":8},"end":{"line":71,"column":9}},"29":{"start":{"line":70,"column":10},"end":{"line":70,"column":73}},"30":{"start":{"line":72,"column":8},"end":{"line":72,"column":76}},"31":{"start":{"line":76,"column":6},"end":{"line":78,"column":7}},"32":{"start":{"line":77,"column":8},"end":{"line":77,"column":52}},"33":{"start":{"line":81,"column":6},"end":{"line":83,"column":7}},"34":{"start":{"line":82,"column":8},"end":{"line":82,"column":54}},"35":{"start":{"line":86,"column":6},"end":{"line":88,"column":7}},"36":{"start":{"line":87,"column":8},"end":{"line":87,"column":76}},"37":{"start":{"line":90,"column":6},"end":{"line":90,"column":65}},"38":{"start":{"line":95,"column":4},"end":{"line":95,"column":58}},"39":{"start":{"line":97,"column":4},"end":{"line":122,"column":5}},"40":{"start":{"line":97,"column":17},"end":{"line":97,"column":18}},"41":{"start":{"line":98,"column":18},"end":{"line":98,"column":30}},"42":{"start":{"line":99,"column":24},"end":{"line":99,"column":84}},"43":{"start":{"line":101,"column":6},"end":{"line":101,"column":74}},"44":{"start":{"line":103,"column":21},"end":{"line":103,"column":48}},"45":{"start":{"line":104,"column":6},"end":{"line":108,"column":8}},"46":{"start":{"line":110,"column":6},"end":{"line":118,"column":7}},"47":{"start":{"line":111,"column":8},"end":{"line":115,"column":9}},"48":{"start":{"line":112,"column":10},"end":{"line":112,"column":50}},"49":{"start":{"line":114,"column":10},"end":{"line":114,"column":33}},"50":{"start":{"line":117,"column":8},"end":{"line":117,"column":51}},"51":{"start":{"line":121,"column":6},"end":{"line":121,"column":49}},"52":{"start":{"line":121,"column":29},"end":{"line":121,"column":47}},"53":{"start":{"line":124,"column":4},"end":{"line":124,"column":21}},"54":{"start":{"line":126,"column":22},"end":{"line":126,"column":86}},"55":{"start":{"line":126,"column":62},"end":{"line":126,"column":85}},"56":{"start":{"line":127,"column":4},"end":{"line":127,"column":85}},"57":{"start":{"line":131,"column":22},"end":{"line":133,"column":5}},"58":{"start":{"line":132,"column":6},"end":{"line":132,"column":51}},"59":{"start":{"line":135,"column":4},"end":{"line":137,"column":5}},"60":{"start":{"line":136,"column":6},"end":{"line":136,"column":49}},"61":{"start":{"line":140,"column":4},"end":{"line":140,"column":67}},"62":{"start":{"line":141,"column":24},"end":{"line":141,"column":52}},"63":{"start":{"line":143,"column":4},"end":{"line":143,"column":21}},"64":{"start":{"line":144,"column":4},"end":{"line":144,"column":23}},"65":{"start":{"line":148,"column":22},"end":{"line":150,"column":5}},"66":{"start":{"line":149,"column":6},"end":{"line":149,"column":51}},"67":{"start":{"line":152,"column":4},"end":{"line":154,"column":5}},"68":{"start":{"line":153,"column":6},"end":{"line":153,"column":49}},"69":{"start":{"line":156,"column":4},"end":{"line":156,"column":59}},"70":{"start":{"line":160,"column":4},"end":{"line":164,"column":6}},"71":{"start":{"line":165,"column":4},"end":{"line":165,"column":21}},"72":{"start":{"line":170,"column":0},"end":{"line":198,"column":1}},"73":{"start":{"line":171,"column":18},"end":{"line":171,"column":34}},"74":{"start":{"line":172,"column":18},"end":{"line":172,"column":33}},"75":{"start":{"line":174,"column":2},"end":{"line":197,"column":3}},"76":{"start":{"line":175,"column":4},"end":{"line":175,"column":51}},"77":{"start":{"line":176,"column":9},"end":{"line":197,"column":3}},"78":{"start":{"line":177,"column":4},"end":{"line":183,"column":5}},"79":{"start":{"line":178,"column":18},"end":{"line":178,"column":43}},"80":{"start":{"line":179,"column":6},"end":{"line":179,"column":23}},"81":{"start":{"line":181,"column":6},"end":{"line":181,"column":31}},"82":{"start":{"line":182,"column":6},"end":{"line":182,"column":22}},"83":{"start":{"line":184,"column":9},"end":{"line":197,"column":3}},"84":{"start":{"line":185,"column":4},"end":{"line":191,"column":5}},"85":{"start":{"line":186,"column":18},"end":{"line":186,"column":41}},"86":{"start":{"line":187,"column":6},"end":{"line":187,"column":23}},"87":{"start":{"line":189,"column":6},"end":{"line":189,"column":31}},"88":{"start":{"line":190,"column":6},"end":{"line":190,"column":22}},"89":{"start":{"line":193,"column":4},"end":{"line":193,"column":26}},"90":{"start":{"line":194,"column":4},"end":{"line":194,"column":90}},"91":{"start":{"line":195,"column":4},"end":{"line":195,"column":91}},"92":{"start":{"line":196,"column":4},"end":{"line":196,"column":88}},"93":{"start":{"line":200,"column":0},"end":{"line":200,"column":28}}},"fnMap":{"0":{"name":"(anonymous_0)","decl":{"start":{"line":11,"column":2},"end":{"line":11,"column":3}},"loc":{"start":{"line":11,"column":16},"end":{"line":16,"column":3}},"line":11},"1":{"name":"(anonymous_1)","decl":{"start":{"line":18,"column":2},"end":{"line":18,"column":3}},"loc":{"start":{"line":18,"column":13},"end":{"line":26,"column":3}},"line":18},"2":{"name":"(anonymous_2)","decl":{"start":{"line":21,"column":40},"end":{"line":21,"column":41}},"loc":{"start":{"line":21,"column":45},"end":{"line":21,"column":53}},"line":21},"3":{"name":"(anonymous_3)","decl":{"start":{"line":28,"column":2},"end":{"line":28,"column":3}},"loc":{"start":{"line":28,"column":14},"end":{"line":35,"column":3}},"line":28},"4":{"name":"(anonymous_4)","decl":{"start":{"line":37,"column":2},"end":{"line":37,"column":3}},"loc":{"start":{"line":37,"column":14},"end":{"line":43,"column":3}},"line":37},"5":{"name":"(anonymous_5)","decl":{"start":{"line":45,"column":2},"end":{"line":45,"column":3}},"loc":{"start":{"line":45,"column":25},"end":{"line":92,"column":3}},"line":45},"6":{"name":"(anonymous_6)","decl":{"start":{"line":94,"column":2},"end":{"line":94,"column":3}},"loc":{"start":{"line":94,"column":26},"end":{"line":128,"column":3}},"line":94},"7":{"name":"(anonymous_7)","decl":{"start":{"line":121,"column":24},"end":{"line":121,"column":25}},"loc":{"start":{"line":121,"column":29},"end":{"line":121,"column":47}},"line":121},"8":{"name":"(anonymous_8)","decl":{"start":{"line":126,"column":57},"end":{"line":126,"column":58}},"loc":{"start":{"line":126,"column":62},"end":{"line":126,"column":85}},"line":126},"9":{"name":"(anonymous_9)","decl":{"start":{"line":130,"column":2},"end":{"line":130,"column":3}},"loc":{"start":{"line":130,"column":20},"end":{"line":145,"column":3}},"line":130},"10":{"name":"(anonymous_10)","decl":{"start":{"line":131,"column":39},"end":{"line":131,"column":40}},"loc":{"start":{"line":132,"column":6},"end":{"line":132,"column":51}},"line":132},"11":{"name":"(anonymous_11)","decl":{"start":{"line":147,"column":2},"end":{"line":147,"column":3}},"loc":{"start":{"line":147,"column":18},"end":{"line":157,"column":3}},"line":147},"12":{"name":"(anonymous_12)","decl":{"start":{"line":148,"column":39},"end":{"line":148,"column":40}},"loc":{"start":{"line":149,"column":6},"end":{"line":149,"column":51}},"line":149},"13":{"name":"(anonymous_13)","decl":{"start":{"line":159,"column":2},"end":{"line":159,"column":3}},"loc":{"start":{"line":159,"column":26},"end":{"line":166,"column":3}},"line":159}},"branchMap":{"0":{"loc":{"start":{"line":14,"column":24},"end":{"line":14,"column":52}},"type":"binary-expr","locations":[{"start":{"line":14,"column":24},"end":{"line":14,"column":47}},{"start":{"line":14,"column":51},"end":{"line":14,"column":52}}],"line":14},"1":{"loc":{"start":{"line":15,"column":21},"end":{"line":15,"column":47}},"type":"binary-expr","locations":[{"start":{"line":15,"column":21},"end":{"line":15,"column":41}},{"start":{"line":15,"column":45},"end":{"line":15,"column":47}}],"line":15},"2":{"loc":{"start":{"line":59,"column":6},"end":{"line":61,"column":7}},"type":"if","locations":[{"start":{"line":59,"column":6},"end":{"line":61,"column":7}},{"start":{},"end":{}}],"line":59},"3":{"loc":{"start":{"line":59,"column":10},"end":{"line":59,"column":37}},"type":"binary-expr","locations":[{"start":{"line":59,"column":10},"end":{"line":59,"column":16}},{"start":{"line":59,"column":20},"end":{"line":59,"column":37}}],"line":59},"4":{"loc":{"start":{"line":64,"column":23},"end":{"line":64,"column":45}},"type":"binary-expr","locations":[{"start":{"line":64,"column":23},"end":{"line":64,"column":32}},{"start":{"line":64,"column":36},"end":{"line":64,"column":45}}],"line":64},"5":{"loc":{"start":{"line":67,"column":6},"end":{"line":73,"column":7}},"type":"if","locations":[{"start":{"line":67,"column":6},"end":{"line":73,"column":7}},{"start":{},"end":{}}],"line":67},"6":{"loc":{"start":{"line":67,"column":10},"end":{"line":67,"column":86}},"type":"binary-expr","locations":[{"start":{"line":67,"column":10},"end":{"line":67,"column":34}},{"start":{"line":67,"column":38},"end":{"line":67,"column":86}}],"line":67},"7":{"loc":{"start":{"line":69,"column":8},"end":{"line":71,"column":9}},"type":"if","locations":[{"start":{"line":69,"column":8},"end":{"line":71,"column":9}},{"start":{},"end":{}}],"line":69},"8":{"loc":{"start":{"line":69,"column":12},"end":{"line":69,"column":75}},"type":"binary-expr","locations":[{"start":{"line":69,"column":12},"end":{"line":69,"column":43}},{"start":{"line":69,"column":47},"end":{"line":69,"column":75}}],"line":69},"9":{"loc":{"start":{"line":76,"column":6},"end":{"line":78,"column":7}},"type":"if","locations":[{"start":{"line":76,"column":6},"end":{"line":78,"column":7}},{"start":{},"end":{}}],"line":76},"10":{"loc":{"start":{"line":76,"column":10},"end":{"line":76,"column":92}},"type":"binary-expr","locations":[{"start":{"line":76,"column":10},"end":{"line":76,"column":49}},{"start":{"line":76,"column":53},"end":{"line":76,"column":92}}],"line":76},"11":{"loc":{"start":{"line":81,"column":6},"end":{"line":83,"column":7}},"type":"if","locations":[{"start":{"line":81,"column":6},"end":{"line":83,"column":7}},{"start":{},"end":{}}],"line":81},"12":{"loc":{"start":{"line":81,"column":10},"end":{"line":81,"column":76}},"type":"binary-expr","locations":[{"start":{"line":81,"column":10},"end":{"line":81,"column":48}},{"start":{"line":81,"column":52},"end":{"line":81,"column":76}}],"line":81},"13":{"loc":{"start":{"line":86,"column":6},"end":{"line":88,"column":7}},"type":"if","locations":[{"start":{"line":86,"column":6},"end":{"line":88,"column":7}},{"start":{},"end":{}}],"line":86},"14":{"loc":{"start":{"line":86,"column":10},"end":{"line":86,"column":66}},"type":"binary-expr","locations":[{"start":{"line":86,"column":10},"end":{"line":86,"column":36}},{"start":{"line":86,"column":40},"end":{"line":86,"column":66}}],"line":86},"15":{"loc":{"start":{"line":110,"column":6},"end":{"line":118,"column":7}},"type":"if","locations":[{"start":{"line":110,"column":6},"end":{"line":118,"column":7}},{"start":{"line":116,"column":13},"end":{"line":118,"column":7}}],"line":110},"16":{"loc":{"start":{"line":111,"column":8},"end":{"line":115,"column":9}},"type":"if","locations":[{"start":{"line":111,"column":8},"end":{"line":115,"column":9}},{"start":{"line":113,"column":15},"end":{"line":115,"column":9}}],"line":111},"17":{"loc":{"start":{"line":132,"column":6},"end":{"line":132,"column":51}},"type":"binary-expr","locations":[{"start":{"line":132,"column":6},"end":{"line":132,"column":24}},{"start":{"line":132,"column":28},"end":{"line":132,"column":51}}],"line":132},"18":{"loc":{"start":{"line":135,"column":4},"end":{"line":137,"column":5}},"type":"if","locations":[{"start":{"line":135,"column":4},"end":{"line":137,"column":5}},{"start":{},"end":{}}],"line":135},"19":{"loc":{"start":{"line":149,"column":6},"end":{"line":149,"column":51}},"type":"binary-expr","locations":[{"start":{"line":149,"column":6},"end":{"line":149,"column":24}},{"start":{"line":149,"column":28},"end":{"line":149,"column":51}}],"line":149},"20":{"loc":{"start":{"line":152,"column":4},"end":{"line":154,"column":5}},"type":"if","locations":[{"start":{"line":152,"column":4},"end":{"line":154,"column":5}},{"start":{},"end":{}}],"line":152},"21":{"loc":{"start":{"line":170,"column":0},"end":{"line":198,"column":1}},"type":"if","locations":[{"start":{"line":170,"column":0},"end":{"line":198,"column":1}},{"start":{},"end":{}}],"line":170},"22":{"loc":{"start":{"line":174,"column":2},"end":{"line":197,"column":3}},"type":"if","locations":[{"start":{"line":174,"column":2},"end":{"line":197,"column":3}},{"start":{"line":176,"column":9},"end":{"line":197,"column":3}}],"line":174},"23":{"loc":{"start":{"line":176,"column":9},"end":{"line":197,"column":3}},"type":"if","locations":[{"start":{"line":176,"column":9},"end":{"line":197,"column":3}},{"start":{"line":184,"column":9},"end":{"line":197,"column":3}}],"line":176},"24":{"loc":{"start":{"line":184,"column":9},"end":{"line":197,"column":3}},"type":"if","locations":[{"start":{"line":184,"column":9},"end":{"line":197,"column":3}},{"start":{"line":192,"column":9},"end":{"line":197,"column":3}}],"line":184}},"s":{"0":0,"1":0,"2":0,"3":0,"4":0,"5":0,"6":0,"7":0,"8":0,"9":0,"10":0,"11":0,"12":0,"13":0,"14":0,"15":0,"16":0,"17":0,"18":0,"19":0,"20":0,"21":0,"22":0,"23":0,"24":0,"25":0,"26":0,"27":0,"28":0,"29":0,"30":0,"31":0,"32":0,"33":0,"34":0,"35":0,"36":0,"37":0,"38":0,"39":0,"40":0,"41":0,"42":0,"43":0,"44":0,"45":0,"46":0,"47":0,"48":0,"49":0,"50":0,"51":0,"52":0,"53":0,"54":0,"55":0,"56":0,"57":0,"58":0,"59":0,"60":0,"61":0,"62":0,"63":0,"64":0,"65":0,"66":0,"67":0,"68":0,"69":0,"70":0,"71":0,"72":0,"73":0,"74":0,"75":0,"76":0,"77":0,"78":0,"79":0,"80":0,"81":0,"82":0,"83":0,"84":0,"85":0,"86":0,"87":0,"88":0,"89":0,"90":0,"91":0,"92":0,"93":0},"f":{"0":0,"1":0,"2":0,"3":0,"4":0,"5":0,"6":0,"7":0,"8":0,"9":0,"10":0,"11":0,"12":0,"13":0},"b":{"0":[0,0],"1":[0,0],"2":[0,0],"3":[0,0],"4":[0,0],"5":[0,0],"6":[0,0],"7":[0,0],"8":[0,0],"9":[0,0],"10":[0,0],"11":[0,0],"12":[0,0],"13":[0,0],"14":[0,0],"15":[0,0],"16":[0,0],"17":[0,0],"18":[0,0],"19":[0,0],"20":[0,0],"21":[0,0],"22":[0,0],"23":[0,0],"24":[0,0]}}
,"/Volumes/Z7S/development/GalaxyDevelopers/DEVELOPER_SYSTEM/SERVER/JWTAuthManager.js": {"path":"/Volumes/Z7S/development/GalaxyDevelopers/DEVELOPER_SYSTEM/SERVER/JWTAuthManager.js","statementMap":{"0":{"start":{"line":7,"column":12},"end":{"line":7,"column":35}},"1":{"start":{"line":8,"column":15},"end":{"line":8,"column":32}},"2":{"start":{"line":12,"column":8},"end":{"line":12,"column":29}},"3":{"start":{"line":13,"column":8},"end":{"line":13,"column":39}},"4":{"start":{"line":16,"column":8},"end":{"line":16,"column":84}},"5":{"start":{"line":17,"column":8},"end":{"line":17,"column":86}},"6":{"start":{"line":20,"column":8},"end":{"line":20,"column":41}},"7":{"start":{"line":21,"column":8},"end":{"line":21,"column":42}},"8":{"start":{"line":24,"column":8},"end":{"line":24,"column":61}},"9":{"start":{"line":27,"column":8},"end":{"line":27,"column":44}},"10":{"start":{"line":35,"column":23},"end":{"line":35,"column":61}},"11":{"start":{"line":36,"column":8},"end":{"line":36,"column":111}},"12":{"start":{"line":37,"column":8},"end":{"line":37,"column":22}},"13":{"start":{"line":44,"column":24},"end":{"line":50,"column":9}},"14":{"start":{"line":52,"column":8},"end":{"line":55,"column":11}},"15":{"start":{"line":62,"column":24},"end":{"line":67,"column":9}},"16":{"start":{"line":69,"column":8},"end":{"line":72,"column":11}},"17":{"start":{"line":79,"column":8},"end":{"line":99,"column":9}},"18":{"start":{"line":81,"column":34},"end":{"line":81,"column":70}},"19":{"start":{"line":82,"column":12},"end":{"line":84,"column":13}},"20":{"start":{"line":83,"column":16},"end":{"line":83,"column":58}},"21":{"start":{"line":87,"column":28},"end":{"line":89,"column":14}},"22":{"start":{"line":92,"column":12},"end":{"line":94,"column":13}},"23":{"start":{"line":93,"column":16},"end":{"line":93,"column":54}},"24":{"start":{"line":96,"column":12},"end":{"line":96,"column":27}},"25":{"start":{"line":98,"column":12},"end":{"line":98,"column":24}},"26":{"start":{"line":106,"column":8},"end":{"line":136,"column":9}},"27":{"start":{"line":108,"column":27},"end":{"line":111,"column":13}},"28":{"start":{"line":113,"column":12},"end":{"line":115,"column":13}},"29":{"start":{"line":114,"column":16},"end":{"line":114,"column":70}},"30":{"start":{"line":118,"column":28},"end":{"line":120,"column":14}},"31":{"start":{"line":123,"column":12},"end":{"line":125,"column":13}},"32":{"start":{"line":124,"column":16},"end":{"line":124,"column":54}},"33":{"start":{"line":128,"column":29},"end":{"line":128,"column":62}},"34":{"start":{"line":129,"column":12},"end":{"line":131,"column":13}},"35":{"start":{"line":130,"column":16},"end":{"line":130,"column":69}},"36":{"start":{"line":133,"column":12},"end":{"line":133,"column":27}},"37":{"start":{"line":135,"column":12},"end":{"line":135,"column":24}},"38":{"start":{"line":143,"column":8},"end":{"line":155,"column":9}},"39":{"start":{"line":145,"column":30},"end":{"line":145,"column":77}},"40":{"start":{"line":147,"column":12},"end":{"line":151,"column":14}},"41":{"start":{"line":153,"column":12},"end":{"line":153,"column":67}},"42":{"start":{"line":154,"column":12},"end":{"line":154,"column":24}},"43":{"start":{"line":162,"column":23},"end":{"line":162,"column":50}},"44":{"start":{"line":164,"column":8},"end":{"line":196,"column":9}},"45":{"start":{"line":165,"column":12},"end":{"line":165,"column":40}},"46":{"start":{"line":168,"column":12},"end":{"line":171,"column":14}},"47":{"start":{"line":174,"column":35},"end":{"line":174,"column":67}},"48":{"start":{"line":175,"column":36},"end":{"line":175,"column":69}},"49":{"start":{"line":178,"column":30},"end":{"line":178,"column":77}},"50":{"start":{"line":179,"column":12},"end":{"line":183,"column":14}},"51":{"start":{"line":185,"column":12},"end":{"line":185,"column":41}},"52":{"start":{"line":187,"column":12},"end":{"line":190,"column":14}},"53":{"start":{"line":192,"column":12},"end":{"line":192,"column":43}},"54":{"start":{"line":193,"column":12},"end":{"line":193,"column":24}},"55":{"start":{"line":195,"column":12},"end":{"line":195,"column":29}},"56":{"start":{"line":203,"column":8},"end":{"line":220,"column":9}},"57":{"start":{"line":204,"column":28},"end":{"line":204,"column":45}},"58":{"start":{"line":205,"column":12},"end":{"line":205,"column":49}},"59":{"start":{"line":205,"column":42},"end":{"line":205,"column":49}},"60":{"start":{"line":208,"column":24},"end":{"line":208,"column":67}},"61":{"start":{"line":210,"column":12},"end":{"line":217,"column":13}},"62":{"start":{"line":212,"column":16},"end":{"line":216,"column":18}},"63":{"start":{"line":219,"column":12},"end":{"line":219,"column":63}},"64":{"start":{"line":227,"column":8},"end":{"line":233,"column":9}},"65":{"start":{"line":228,"column":27},"end":{"line":228,"column":75}},"66":{"start":{"line":229,"column":12},"end":{"line":229,"column":35}},"67":{"start":{"line":231,"column":12},"end":{"line":231,"column":63}},"68":{"start":{"line":232,"column":12},"end":{"line":232,"column":25}},"69":{"start":{"line":240,"column":8},"end":{"line":248,"column":9}},"70":{"start":{"line":241,"column":12},"end":{"line":244,"column":14}},"71":{"start":{"line":246,"column":12},"end":{"line":246,"column":66}},"72":{"start":{"line":247,"column":12},"end":{"line":247,"column":24}},"73":{"start":{"line":255,"column":8},"end":{"line":263,"column":9}},"74":{"start":{"line":256,"column":27},"end":{"line":258,"column":13}},"75":{"start":{"line":259,"column":12},"end":{"line":259,"column":35}},"76":{"start":{"line":261,"column":12},"end":{"line":261,"column":62}},"77":{"start":{"line":262,"column":12},"end":{"line":262,"column":21}},"78":{"start":{"line":270,"column":8},"end":{"line":276,"column":10}},"79":{"start":{"line":280,"column":0},"end":{"line":280,"column":32}}},"fnMap":{"0":{"name":"(anonymous_0)","decl":{"start":{"line":11,"column":4},"end":{"line":11,"column":5}},"loc":{"start":{"line":11,"column":37},"end":{"line":28,"column":5}},"line":11},"1":{"name":"(anonymous_1)","decl":{"start":{"line":34,"column":4},"end":{"line":34,"column":5}},"loc":{"start":{"line":34,"column":21},"end":{"line":38,"column":5}},"line":34},"2":{"name":"(anonymous_2)","decl":{"start":{"line":43,"column":4},"end":{"line":43,"column":5}},"loc":{"start":{"line":43,"column":47},"end":{"line":56,"column":5}},"line":43},"3":{"name":"(anonymous_3)","decl":{"start":{"line":61,"column":4},"end":{"line":61,"column":5}},"loc":{"start":{"line":61,"column":33},"end":{"line":73,"column":5}},"line":61},"4":{"name":"(anonymous_4)","decl":{"start":{"line":78,"column":4},"end":{"line":78,"column":5}},"loc":{"start":{"line":78,"column":35},"end":{"line":100,"column":5}},"line":78},"5":{"name":"(anonymous_5)","decl":{"start":{"line":105,"column":4},"end":{"line":105,"column":5}},"loc":{"start":{"line":105,"column":36},"end":{"line":137,"column":5}},"line":105},"6":{"name":"(anonymous_6)","decl":{"start":{"line":142,"column":4},"end":{"line":142,"column":5}},"loc":{"start":{"line":142,"column"
[...]
,"/Volumes/Z7S/development/GalaxyDevelopers/DEVELOPER_SYSTEM/SERVER/gemini-functions.js": {"path":"/Volumes/Z7S/development/GalaxyDevelopers/DEVELOPER_SYSTEM/SERVER/gemini-functions.js","statementMap":{"0":{"start":{"line":6,"column":31},"end":{"line":6,"column":63}},"1":{"start":{"line":7,"column":11},"end":{"line":7,"column":24}},"2":{"start":{"line":8,"column":13},"end":{"line":8,"column":28}},"3":{"start":{"line":11,"column":15},"end":{"line":11,"column":94}},"4":{"start":{"line":15,"column":4},"end":{"line":17,"column":5}},"5":{"start":{"line":16,"column":6},"end":{"line":16,"column":46}},"6":{"start":{"line":18,"column":4},"end":{"line":18,"column":48}},"7":{"start":{"line":19,"column":4},"end":{"line":19,"column":25}},"8":{"start":{"line":26,"column":27},"end":{"line":29,"column":5}},"9":{"start":{"line":32,"column":4},"end":{"line":34,"column":5}},"10":{"start":{"line":33,"column":6},"end":{"line":33,"column":35}},"11":{"start":{"line":36,"column":4},"end":{"line":36,"column":65}},"12":{"start":{"line":38,"column":4},"end":{"line":59,"column":7}},"13":{"start":{"line":66,"column":18},"end":{"line":66,"column":69}},"14":{"start":{"line":68,"column":4},"end":{"line":68,"column":60}},"15":{"start":{"line":69,"column":4},"end":{"line":69,"column":54}},"16":{"start":{"line":71,"column":19},"end":{"line":71,"column":54}},"17":{"start":{"line":72,"column":4},"end":{"line":72,"column":34}},"18":{"start":{"line":79,"column":18},"end":{"line":79,"column":72}},"19":{"start":{"line":81,"column":4},"end":{"line":81,"column":63}},"20":{"start":{"line":82,"column":4},"end":{"line":82,"column":58}},"21":{"start":{"line":84,"column":19},"end":{"line":84,"column":54}},"22":{"start":{"line":85,"column":4},"end":{"line":85,"column":34}},"23":{"start":{"line":100,"column":8},"end":{"line":100,"column":15}},"24":{"start":{"line":102,"column":18},"end":{"line":109,"column":6}},"25":{"start":{"line":111,"column":4},"end":{"line":111,"column":61}},"26":{"start":{"line":112,"column":4},"end":{"line":112,"column":91}},"27":{"start":{"line":114,"column":19},"end":{"line":114,"column":54}},"28":{"start":{"line":115,"column":4},"end":{"line":115,"column":34}},"29":{"start":{"line":122,"column":18},"end":{"line":122,"column":69}},"30":{"start":{"line":124,"column":4},"end":{"line":124,"column":61}},"31":{"start":{"line":126,"column":19},"end":{"line":126,"column":60}},"32":{"start":{"line":128,"column":4},"end":{"line":130,"column":5}},"33":{"start":{"line":129,"column":6},"end":{"line":129,"column":25}},"34":{"start":{"line":137,"column":18},"end":{"line":137,"column":69}},"35":{"start":{"line":140,"column":24},"end":{"line":140,"column":50}},"36":{"start":{"line":141,"column":24},"end":{"line":141,"column":54}},"37":{"start":{"line":143,"column":18},"end":{"line":151,"column":5}},"38":{"start":{"line":153,"column":4},"end":{"line":153,"column":75}},"39":{"start":{"line":155,"column":19},"end":{"line":155,"column":53}},"40":{"start":{"line":156,"column":4},"end":{"line":156,"column":34}},"41":{"start":{"line":163,"column":18},"end":{"line":163,"column":45}},"42":{"start":{"line":165,"column":19},"end":{"line":165,"column":50}},"43":{"start":{"line":167,"column":4},"end":{"line":167,"column":71}},"44":{"start":{"line":169,"column":4},"end":{"line":169,"column":30}},"45":{"start":{"line":176,"column":4},"end":{"line":184,"column":5}},"46":{"start":{"line":177,"column":20},"end":{"line":177,"column":47}},"47":{"start":{"line":178,"column":21},"end":{"line":178,"column":57}},"48":{"start":{"line":179,"column":6},"end":{"line":179,"column":55}},"49":{"start":{"line":180,"column":6},"end":{"line":180,"column":18}},"50":{"start":{"line":182,"column":6},"end":{"line":182,"column":67}},"51":{"start":{"line":183,"column":6},"end":{"line":183,"column":19}},"52":{"start":{"line":191,"column":25},"end":{"line":193,"column":5}},"53":{"start":{"line":195,"column":20},"end":{"line":195,"column":22}},"54":{"start":{"line":197,"column":4},"end":{"line":203,"column":5}},"55":{"start":{"line":198,"column":24},"end":{"line":198,"column":56}},"56":{"start":{"line":199,"column":6},"end":{"line":202,"column":9}},"57":{"start":{"line":205,"column":4},"end":{"line":205,"column":19}},"58":{"start":{"line":212,"column":20},"end":{"line":219,"column":5}},"59":{"start":{"line":221,"column":25},"end":{"line":221,"column":57}},"60":{"start":{"line":222,"column":4},"end":{"line":224,"column":5}},"61":{"start":{"line":223,"column":6},"end":{"line":223,"column":33}},"62":{"start":{"line":226,"column":4},"end":{"line":229,"column":6}},"63":{"start":{"line":231,"column":4},"end":{"line":231,"column":47}},"64":{"start":{"line":233,"column":4},"end":{"line":233,"column":19}},"65":{"start":{"line":240,"column":24},"end":{"line":240,"column":77}},"66":{"start":{"line":242,"column":4},"end":{"line":244,"column":5}},"67":{"start":{"line":243,"column":6},"end":{"line":243,"column":56}},"68":{"start":{"line":246,"column":20},"end":{"line":246,"column":68}},"69":{"start":{"line":248,"column":4},"end":{"line":248,"column":53}},"70":{"start":{"line":249,"column":4},"end":{"line":249,"column":72}},"71":{"start":{"line":251,"column":24},"end":{"line":251,"column":81}},"72":{"start":{"line":253,"column":18},"end":{"line":253,"column":50}},"73":{"start":{"line":255,"column":4},"end":{"line":255,"column":70}},"74":{"start":{"line":257,"column":4},"end":{"line":261,"column":6}},"75":{"start":{"line":265,"column":0},"end":{"line":265,"column":33}}},"fnMap":{"0":{"name":"(anonymous_0)","decl":{"start":{"line":14,"column":2},"end":{"line":14,"column":3}},"loc":{"start":{"line":14,"column":22},"end":{"line":20,"column":3}},"line":14},"1":{"name":"(anonymous_1)","decl":{"start":{"line":25,"column":2},"end":{"line":25,"column":3}},"loc":{"start":{"line":25,"column":65},"end":{"line":60,"column":3}},"line":25},"2":{"name":"(anonymous_2)","decl":{"start":{"line":65,"column":2},"end":{"line":65,"column":3}},"loc":{"start":{"line":65,"column":64},"end":{"line":73,"column":3}},"line":65},"3":{"name":"(anonymous_3)","decl":{"start":{"line":78,"column":2},"end":{"line":78,"column":3}},"loc":{"start":{"line":78,"column":69},"end":{"line":86,"column":3}},"line":78},"4":{"name":"(anonymous_4)","decl":{"start":{"line":91,"column":2},"end":{"line":91,"column":3}},"loc":{"start":{"line":91,"column":45},"end":{"line":116,"column":3}},"line":91},"5":{"name":"(anonymous_5)","decl":{"start":{"line":121,"column":2},"end":{"line":121,"column":3}},"loc":{"start":{"line":121,"column":64},"end":{"line":131,"column":3}},"line":121},"6":{"name":"(anonymous_6)","decl":{"start":{"line":136,"column":2},"end":{"line":136,"column":3}},"loc":{"start":{"line":136,"column":77},"end":{"line":157,"column":3}},"line":136},"7":{"name":"(anonymous_7)","decl":{"start":{"line":162,"column":2},"end":{"line":162,"column":3}},"loc":{"start":{"line":162,"column":60},"end":{"line":170,"column":3}},"line":162},"8":{"name":"(anonymous_8)","decl":{"start":{"line":175,"column":2},"end":{"line":175,"column":3}},"loc":{"start":{"line":175,"column":29},"end":{"line":185,"column":3}},"line":175},"9":{"name":"(anonymous_9)","decl":{"start":{"line":190,"column":2},"end":{"line":190,"column":3}},"loc":{"start":{"line":190,"column":30},"end":{"line":206,"column":3}},"line":190},"10":{"name":"(anonymous_10)","decl":{"start":{"line":211,"column":2},"end":{"line":211,"column":3}},"loc":{"start":{"line":211,"column":51},"end":{"line":234,"column":3}},"line":211},"11":{"name":"(anonymous_11)","decl":{"start":{"line":239,"column":2},"end":{"line":239,"column":3}},"loc":{"start":{"line":239,"column":33},"end":{"line":262,"column":3}},"line":239}},"branchMap":{"0":{"loc":{"start":{"line":15,"column":4},"end":{"line":17,"column":5}},"type":"if","locations":[{"start":{"line":15,"column":4},"end":{"line":17,"column":5}},{"start":{},"end":{}}],"line":15},"1":{"loc":{"start":{"line":25,"column":14},"end":{"line":25,"column":44}},"type":"default-arg","locations":[{"start":{"line":25,"column":26},"end":{"line":25,"column":44}}],"line":25},"2":{"loc":{"start":{"line":25,"column":46},"end":{"line":25,"column":63}},"type":"default-arg","locations":[{"start":{"line":25,"column":61},"end":{"line":25,"column":63}}],"line":25},"3":{"loc":{"start":{"line":32,"column":4},"end":{"line":34,"column":5}},"type":"if","locations":[{"start":{"line":32,"column":4},"end":{"line":34,"column":5}},{"start":{},"end":{}}],"line":32},"4":{"loc":{"start":{"line":65,"column":34},"end":{"line":65,"column":62}},"type":"default-arg","locations":[{"start":{"line":65,"column":46},"end":{"line":65,"column":62}}],"line":65},"5":{"loc":{"start":{"line":78,"column":37},"end":{"line":78,"column":67}},"type":"default-arg","locations":[{"start":{"line":78,"column":49},"end":{"line":78,"column":67}}],"line":78},"6":{"loc":{"start":{"line":91,"column":31},"end":{"line":91,"column":43}},"type":"default-arg","locations":[{"start":{"line":91,"column":41},"end":{"line":91,"column":43}}],"line":91},"7":{"loc":{"start":{"line":93,"column":13},"end":{"line":93,"column":43}},"type":"default-arg","locations":[{"start":{"line":93,"column":25},"end":{"line":93,"column":43}}],"line":93},"8":{"loc":{"start":{"line":94,"column":6},"end":{"line":94,"column":23}},"type":"default-arg","locations":[{"start":{"line":94,"column":20},"end":{"line":94,"column":23}}],"line":94},"9":{"loc":{"start":{"line":95,"column":6},"end":{"line":95,"column":14}},"type":"default-arg","locations":[{"start":{"line":95,"column":13},"end":{"line":95,"column":14}}],"line":95},"10":{"loc":{"start":{"line":96,"column":6},"end":{"line":96,"column":16}},"type":"default-arg","locations":[{"start":{"line":96,"column":13},"end":{"line":96,"column":16}}],"line":96},"11":{"loc":{"start":{"line":97,"column":6},"end":{"line":97,"column":28}},"type":"default-arg","locations":[{"start":{"line":97,"column":24},"end":{"line":97,"column":28}}],"line":97},"12":{"loc":{"start":{"line":98,"column":6},"end":{"line":98,"column":24}},"type":"default-arg","locations":[{"start":{"line":98,"column":22},"end":{"line":98,"column":24}}],"line":98},"13":{"loc":{"start":{"line":99,"column":6},"end":{"line":99,"column":22}},"type":"default-arg","locations":[{"start":{"line":99,"column":13},"end":{"line":99,"column":22}}],"line":99},"14":{"loc":{"start":{"line":121,"column":32},"end":{"line":121,"column":62}},"type":"default-arg","locations":[{"start":{"line":121,"column":44},"end":{"line":121,"column":62}}],"line":121},"15":{"loc":{"start":{"line":136,"column":45},"end":{"line":136,"column":75}},"type":"default-arg","locations":[{"start":{"line":136,"column":57},"end":{"line":136,"column":75}}],"line":136},"16":{"loc":{"start":{"line":162,"column":28},"end":{"line":162,"column":58}},"type":"default-arg","locations":[{"start":{"line":162,"column":40},"end":{"line":162,"column":58}}],"line":162},"17":{"loc":{"start":{"line":218,"column":13},"end":{"line":218,"column":47}},"type":"binary-expr","locations":[{"start":{"line":218,"column":13},"end":{"line":218,"column":25}},{"start":{"line":218,"column":29},"end":{"line":218,"column":47}}],"line":218},"18":{"loc":{"start":{"line":222,"column":4},"end":{"line":224,"column":5}},"type":"if","locations":[{"start":{"line":222,"column":4},"end":{"line":224,"column":5}},{"start":{},"end":{}}],"line":222},"19":{"loc":{"start":{"line":242,"column":4},"end":{"line":244,"column":5}},"type":"if","locations":[{"start":{"line":242,"column":4},"end":{"line":244,"column":5}},{"start":{},"end":{}}],"line":242},"20":{"loc":{"start":{"line":255,"column":33},"end":{"line":255,"column":66}},"type":"cond-expr","locations":[{"start":{"line":255,"column":41},"end":{"line":255,"column":50}},{"start":{"line":255,"column":53},"end":{"line":255,"column":66}}],"line":255}},"s":{"0":0,"1":0,"2":0,"3":0,"4":0,"5":0,"6":0,"7":0,"8":0,"9":0,"10":0,"11":0,"12":0,"13":0,"14":0,"15":0,"16":0,"17":0,"18":0,"19":0,"20":0,"21":0,"22":0,"23":0,"24":0,"25":0,"26":0,"27":0,"28":0,"29":0,"30":0,"31":0,"32":0,"33":0,"34":0,"35":0,"36":0,"37":0,"38":0,"39":0,"40":0,"41":0,"42":0,"43":0,"44":0,"45":0,"46":0,"47":0,"48":0,"49":0,"50":0,"51":0,"52":0,"53":0,"54":0,"55":0,"56":0,"57":0,"58":0,"59":0,"60":0,"61":0,"62":0,"63":0,"64":0,"65":0,"66":0,"67":0,"68":0,"69":0,"70":0,"71":0,"72":0,"73":0,"74":0,"75":0},"f":{"0":0,"1":0,"2":0,"3":0,"4":0,"5":0,"6":0,"7":0,"8":0,"9":0,"10":0,"11":0},"b":{"0":[0,0],"1":[0],"2":[0],"3":[0,0],"4":[0],"5":[0],"6":[0],"7":[0],"8":[0],"9":[0],"10":[0],"11":[0],"12":[0],"13":[0],"14":[0],"15":[0],"16":[0],"17":[0,0],"18":[0,0],"19":[0,0],"20":[0,0]}}
,"/Volumes/Z7S/development/GalaxyDevelopers/DEVELOPER_SYSTEM/SERVER/test-gemini.js": {"path":"/Volumes/Z7S/development/GalaxyDevelopers/DEVELOPER_SYSTEM/SERVER/test-gemini.js","statementMap":{"0":{"start":{"line":8,"column":24},"end":{"line":8,"column":53}},"1":{"start":{"line":9,"column":19},"end":{"line":9,"column":62}},"2":{"start":{"line":14,"column":2},"end":{"line":22,"column":3}},"3":{"start":{"line":15,"column":23},"end":{"line":15,"column":39}},"4":{"start":{"line":16,"column":4},"end":{"line":16,"column":42}},"5":{"start":{"line":17,"column":4},"end":{"line":17,"column":82}},"6":{"start":{"line":19,"column":4},"end":{"line":19,"column":115}},"7":{"start":{"line":20,"column":4},"end":{"line":20,"column":29}},"8":{"start":{"line":21,"column":4},"end":{"line":21,"column":20}},"9":{"start":{"line":25,"column":2},"end":{"line":28,"column":3}},"10":{"start":{"line":26,"column":4},"end":{"line":26,"column":52}},"11":{"start":{"line":27,"column":4},"end":{"line":27,"column":20}},"12":{"start":{"line":30,"column":2},"end":{"line":30,"column":56}},"13":{"start":{"line":32,"column":17},"end":{"line":32,"column":44}},"14":{"start":{"line":35,"column":2},"end":{"line":35,"column":55}},"15":{"start":{"line":36,"column":2},"end":{"line":36,"column":59}},"16":{"start":{"line":38,"column":22},"end":{"line":38,"column":65}},"17":{"start":{"line":40,"column":2},"end":{"line":51,"column":3}},"18":{"start":{"line":41,"column":22},"end":{"line":41,"column":65}},"19":{"start":{"line":42,"column":4},"end":{"line":42,"column":42}},"20":{"start":{"line":44,"column":22},"end":{"line":44,"column":65}},"21":{"start":{"line":45,"column":4},"end":{"line":45,"column":42}},"22":{"start":{"line":47,"column":18},"end":{"line":47,"column":41}},"23":{"start":{"line":48,"column":4},"end":{"line":48,"column":70}},"24":{"start":{"line":50,"column":4},"end":{"line":50,"column":43}},"25":{"start":{"line":54,"column":2},"end":{"line":54,"column":44}},"26":{"start":{"line":55,"column":2},"end":{"line":55,"column":59}},"27":{"start":{"line":57,"column":2},"end":{"line":70,"column":3}},"28":{"start":{"line":58,"column":27},"end":{"line":66,"column":5}},"29":{"start":{"line":67,"column":4},"end":{"line":67,"column":58}},"30":{"start":{"line":69,"column":4},"end":{"line":69,"column":43}},"31":{"start":{"line":73,"column":2},"end":{"line":73,"column":43}},"32":{"start":{"line":74,"column":2},"end":{"line":74,"column":59}},"33":{"start":{"line":76,"column":2},"end":{"line":83,"column":3}},"34":{"start":{"line":77,"column":17},"end":{"line":77,"column":57}},"35":{"start":{"line":78,"column":19},"end":{"line":78,"column":49}},"36":{"start":{"line":79,"column":4},"end":{"line":79,"column":35}},"37":{"start":{"line":80,"column":4},"end":{"line":80,"column":39}},"38":{"start":{"line":82,"column":4},"end":{"line":82,"column":43}},"39":{"start":{"line":86,"column":2},"end":{"line":86,"column":47}},"40":{"start":{"line":87,"column":2},"end":{"line":87,"column":59}},"41":{"start":{"line":89,"column":23},"end":{"line":94,"column":3}},"42":{"start":{"line":96,"column":2},"end":{"line":98,"column":3}},"43":{"start":{"line":97,"column":4},"end":{"line":97,"column":34}},"44":{"start":{"line":100,"column":2},"end":{"line":100,"column":20}},"45":{"start":{"line":103,"column":2},"end":{"line":103,"column":52}},"46":{"start":{"line":104,"column":2},"end":{"line":104,"column":59}},"47":{"start":{"line":106,"column":2},"end":{"line":127,"column":3}},"48":{"start":{"line":107,"column":26},"end":{"line":107,"column":94}},"49":{"start":{"line":108,"column":22},"end":{"line":108,"column":42}},"50":{"start":{"line":110,"column":21},"end":{"line":110,"column":66}},"51":{"start":{"line":113,"column":4},"end":{"line":117,"column":7}},"52":{"start":{"line":120,"column":19},"end":{"line":120,"column":56}},"53":{"start":{"line":122,"column":4},"end":{"line":122,"column":46}},"54":{"start":{"line":123,"column":4},"end":{"line":123,"column":42}},"55":{"start":{"line":124,"column":4},"end":{"line":124,"column":72}},"56":{"start":{"line":126,"column":4},"end":{"line":126,"column":43}},"57":{"start":{"line":130,"column":2},"end":{"line":130,"column":49}},"58":{"start":{"line":131,"column":2},"end":{"line":131,"column":59}},"59":{"start":{"line":133,"column":2},"end":{"line":165,"column":3}},"60":{"start":{"line":134,"column":23},"end":{"line":134,"column":89}},"61":{"start":{"line":135,"column":22},"end":{"line":135,"column":24}},"62":{"start":{"line":137,"column":4},"end":{"line":137,"column":72}},"63":{"start":{"line":139,"column":22},"end":{"line":146,"column":5}},"64":{"start":{"line":148,"column":22},"end":{"line":155,"column":5}},"65":{"start":{"line":157,"column":4},"end":{"line":157,"column":67}},"66":{"start":{"line":158,"column":4},"end":{"line":158,"column":67}},"67":{"start":{"line":160,"column":22},"end":{"line":160,"column":45}},"68":{"start":{"line":161,"column":4},"end":{"line":161,"column":89}},"69":{"start":{"line":164,"column":4},"end":{"line":164,"column":60}},"70":{"start":{"line":167,"column":2},"end":{"line":167,"column":36}},"71":{"start":{"line":171,"column":0},"end":{"line":171,"column":34}}},"fnMap":{"0":{"name":"testGemini","decl":{"start":{"line":11,"column":15},"end":{"line":11,"column":25}},"loc":{"start":{"line":11,"column":28},"end":{"line":168,"column":1}},"line":11}},"branchMap":{"0":{"loc":{"start":{"line":25,"column":2},"end":{"line":28,"column":3}},"type":"if","locations":[{"start":{"line":25,"column":2},"end":{"line":28,"column":3}},{"start":{},"end":{}}],"line":25},"1":{"loc":{"start":{"line":48,"column":40},"end":{"line":48,"column":64}},"type":"cond-expr","locations":[{"start":{"line":48,"column":48},"end":{"line":48,"column":55}},{"start":{"line":48,"column":58},"end":{"line":48,"column":64}}],"line":48},"2":{"loc":{"start":{"line":124,"column":26},"end":{"line":124,"column":66}},"type":"cond-expr","locations":[{"start":{"line":124,"column":41},"end":{"line":124,"column":50}},{"start":{"line":124,"column":53},"end":{"line":124,"column":66}}],"line":124},"3":{"loc":{"start":{"line":161,"column":55},"end":{"line":161,"column":83}},"type":"cond-expr","locations":[{"start":{"line":161,"column":67},"end":{"line":161,"column":74}},{"start":{"line":161,"column":77},"end":{"line":161,"column":83}}],"line":161}},"s":{"0":0,"1":0,"2":0,"3":0,"4":0,"5":0,"6":0,"7":0,"8":0,"9":0,"10":0,"11":0,"12":0,"13":0,"14":0,"15":0,"16":0,"17":0,"18":0,"19":0,"20":0,"21":0,"22":0,"23":0,"24":0,"25":0,"26":0,"27":0,"28":0,"29":0,"30":0,"31":0,"32":0,"33":0,"34":0,"35":0,"36":0,"37":0,"38":0,"39":0,"40":0,"41":0,"42":0,"43":0,"44":0,"45":0,"46":0,"47":0,"48":0,"49":0,"50":0,"51":0,"52":0,"53":0,"54":0,"55":0,"56":0,"57":0,"58":0,"59":0,"60":0,"61":0,"62":0,"63":0,"64":0,"65":0,"66":0,"67":0,"68":0,"69":0,"70":0,"71":0},"f":{"0":0},"b":{"0":[0,0],"1":[0,0],"2":[0,0],"3":[0,0]}}
}
