TN:
SF:McKinsey_Transformation/Horizon_1_Simplify/SecureCommandExecutor.js
FN:9,(anonymous_0)
FN:48,(anonymous_1)
FN:61,(anonymous_2)
FN:69,(anonymous_3)
FN:92,(anonymous_4)
FN:104,(anonymous_5)
FN:105,(anonymous_6)
FN:112,(anonymous_7)
FN:134,(anonymous_8)
FN:144,(anonymous_9)
FN:150,(anonymous_10)
FN:157,(anonymous_11)
FN:162,(anonymous_12)
FN:174,(anonymous_13)
FN:186,(anonymous_14)
FN:194,(anonymous_15)
FN:208,(anonymous_16)
FNF:17
FNH:12
FNDA:3,(anonymous_0)
FNDA:2,(anonymous_1)
FNDA:3,(anonymous_2)
FNDA:1,(anonymous_3)
FNDA:0,(anonymous_4)
FNDA:3,(anonymous_5)
FNDA:3,(anonymous_6)
FNDA:1,(anonymous_7)
FNDA:1,(anonymous_8)
FNDA:1,(anonymous_9)
FNDA:0,(anonymous_10)
FNDA:0,(anonymous_11)
FNDA:1,(anonymous_12)
FNDA:0,(anonymous_13)
FNDA:3,(anonymous_14)
FNDA:0,(anonymous_15)
FNDA:3,(anonymous_16)
DA:6,3
DA:11,3
DA:44,3
DA:49,2
DA:50,0
DA:53,2
DA:62,3
DA:63,3
DA:64,2
DA:68,1
DA:69,1
DA:70,1
DA:71,1
DA:72,0
DA:75,1
DA:79,0
DA:81,0
DA:82,0
DA:83,0
DA:84,0
DA:85,0
DA:88,0
DA:92,0
DA:93,0
DA:96,0
DA:97,0
DA:100,0
DA:105,3
DA:106,3
DA:107,3
DA:108,1
DA:111,1
DA:112,1
DA:116,1
DA:129,1
DA:130,1
DA:131,1
DA:134,1
DA:135,1
DA:136,1
DA:137,0
DA:138,0
DA:139,0
DA:141,1
DA:144,1
DA:145,1
DA:146,1
DA:150,1
DA:151,0
DA:152,0
DA:157,1
DA:158,0
DA:159,0
DA:162,1
DA:163,1
DA:165,1
DA:166,0
DA:167,1
DA:168,1
DA:170,0
DA:174,1
DA:175,0
DA:176,0
DA:180,2
DA:187,3
DA:188,3
DA:189,3
DA:190,3
DA:195,0
DA:196,0
DA:201,3
DA:203,3
DA:209,3
DA:210,3
DA:211,3
DA:212,1
DA:217,2
LF:77
LH:50
BRDA:49,0,0,0
BRDA:49,0,1,2
BRDA:61,1,0,0
BRDA:63,2,0,2
BRDA:63,2,1,1
BRDA:68,3,0,1
BRDA:68,3,1,0
BRDA:71,4,0,0
BRDA:71,4,1,1
BRDA:79,5,0,0
BRDA:79,5,1,0
BRDA:79,6,0,0
BRDA:79,6,1,0
BRDA:82,7,0,0
BRDA:82,7,1,0
BRDA:84,8,0,0
BRDA:84,8,1,0
BRDA:96,9,0,0
BRDA:96,9,1,0
BRDA:104,10,0,0
BRDA:111,11,0,1
BRDA:111,11,1,0
BRDA:123,12,0,1
BRDA:123,12,1,0
BRDA:136,13,0,0
BRDA:136,13,1,1
BRDA:145,14,0,1
BRDA:145,14,1,0
BRDA:151,15,0,0
BRDA:151,15,1,0
BRDA:165,16,0,0
BRDA:165,16,1,1
BRDA:167,17,0,1
BRDA:167,17,1,0
BRDA:208,18,0,3
BRF:35
BRH:12
end_of_record
TN:
SF:McKinsey_Transformation/Horizon_1_Simplify/Week1_Security_Fixes.js
FN:34,(anonymous_0)
FN:53,(anonymous_1)
FN:64,(anonymous_2)
FN:154,(anonymous_3)
FN:155,(anonymous_4)
FN:162,(anonymous_5)
FN:222,(anonymous_6)
FN:224,(anonymous_7)
FN:225,(anonymous_8)
FN:243,(anonymous_9)
FN:250,(anonymous_10)
FNF:11
FNH:2
FNDA:3,(anonymous_0)
FNDA:0,(anonymous_1)
FNDA:0,(anonymous_2)
FNDA:1,(anonymous_3)
FNDA:0,(anonymous_4)
FNDA:0,(anonymous_5)
FNDA:0,(anonymous_6)
FNDA:0,(anonymous_7)
FNDA:0,(anonymous_8)
FNDA:0,(anonymous_9)
FNDA:0,(anonymous_10)
DA:7,3
DA:8,3
DA:9,3
DA:11,3
DA:12,3
DA:22,3
DA:28,3
DA:29,3
DA:34,3
DA:35,3
DA:53,3
DA:54,0
DA:55,0
DA:57,0
DA:58,0
DA:64,0
DA:65,0
DA:66,0
DA:67,0
DA:72,0
DA:78,0
DA:79,0
DA:90,3
DA:154,3
DA:155,1
DA:156,0
DA:161,0
DA:162,0
DA:167,0
DA:174,0
DA:175,0
DA:186,3
DA:222,3
DA:224,0
DA:225,0
DA:226,0
DA:227,0
DA:228,0
DA:230,0
DA:243,3
DA:244,0
DA:245,0
DA:246,0
DA:248,0
DA:250,0
DA:251,0
DA:254,0
DA:255,0
DA:259,0
DA:260,0
DA:263,0
DA:264,0
DA:266,0
DA:270,0
DA:277,3
LF:55
LH:18
BRDA:28,0,0,3
BRDA:28,0,1,0
BRDA:34,1,0,0
BRDA:55,2,0,0
BRDA:55,2,1,0
BRDA:57,3,0,0
BRDA:57,3,1,0
BRDA:65,4,0,0
BRDA:65,4,1,0
BRDA:66,5,0,0
BRDA:66,5,1,0
BRDA:161,6,0,0
BRDA:161,6,1,0
BRDA:222,7,0,0
BRDA:226,8,0,0
BRDA:226,8,1,0
BRDA:243,9,0,0
BRDA:244,10,0,0
BRDA:244,10,1,0
BRDA:245,11,0,0
BRDA:245,11,1,0
BRDA:254,12,0,0
BRDA:254,12,1,0
BRDA:259,13,0,0
BRDA:259,13,1,0
BRF:25
BRH:1
end_of_record
TN:
SF:McKinsey_Transformation/scripts/apply_security_patches.js
FN:14,applySecurityPatches
FN:149,createAuthRoutes
FNF:2
FNH:0
FNDA:0,applySecurityPatches
FNDA:0,createAuthRoutes
DA:8,0
DA:9,0
DA:11,0
DA:12,0
DA:15,0
DA:17,0
DA:19,0
DA:22,0
DA:23,0
DA:26,0
DA:28,0
DA:29,0
DA:33,0
DA:38,0
DA:44,0
DA:51,0
DA:52,0
DA:55,0
DA:61,0
DA:68,0
DA:69,0
DA:72,0
DA:78,0
DA:85,0
DA:92,0
DA:93,0
DA:95,0
DA:107,0
DA:114,0
DA:115,0
DA:117,0
DA:130,0
DA:137,0
DA:138,0
DA:141,0
DA:144,0
DA:145,0
DA:150,0
DA:152,0
DA:210,0
DA:215,0
DA:219,0
LF:42
LH:0
BRDA:22,0,0,0
BRDA:22,0,1,0
BRDA:28,1,0,0
BRDA:28,1,1,0
BRDA:51,2,0,0
BRDA:51,2,1,0
BRDA:68,3,0,0
BRDA:68,3,1,0
BRDA:92,4,0,0
BRDA:92,4,1,0
BRDA:114,5,0,0
BRDA:114,5,1,0
BRF:12
BRH:0
end_of_record
TN:
SF:McKinsey_Transformation/scripts/migrate_async_operations.js
FN:17,migrateAsyncOperations
FNF:1
FNH:0
FNDA:0,migrateAsyncOperations
DA:8,0
DA:9,0
DA:11,0
DA:18,0
DA:20,0
DA:21,0
DA:23,0
DA:24,0
DA:25,0
DA:27,0
DA:30,0
DA:36,0
DA:42,0
DA:48,0
DA:54,0
DA:60,0
DA:66,0
DA:71,0
DA:72,0
DA:73,0
DA:75,0
DA:79,0
DA:83,0
DA:87,0
LF:24
LH:0
BRDA:71,0,0,0
BRDA:71,0,1,0
BRF:2
BRH:0
end_of_record
TN:
SF:McKinsey_Transformation/scripts/refactor_monolith.js
FN:11,refactorMonolith
FN:102,extractWebSocketCode
FN:150,extractUICode
FN:185,extractAPICode
FN:229,extractStateCode
FN:274,extractUtilsCode
FNF:6
FNH:0
FNDA:0,refactorMonolith
FNDA:0,extractWebSocketCode
FNDA:0,extractUICode
FNDA:0,extractAPICode
FNDA:0,extractStateCode
FNDA:0,extractUtilsCode
DA:8,0
DA:9,0
DA:12,0
DA:15,0
DA:17,0
DA:18,0
DA:21,0
DA:30,0
DA:31,0
DA:34,0
DA:35,0
DA:36,0
DA:37,0
DA:41,0
DA:92,0
DA:93,0
DA:95,0
DA:98,0
DA:103,0
DA:151,0
DA:186,0
DA:230,0
DA:275,0
DA:314,0
LF:24
LH:0
BRF:0
BRH:0
end_of_record
TN:
SF:McKinsey_Transformation/scripts/setup_error_handling.js
FN:11,setupErrorHandling
FNF:1
FNH:0
FNDA:0,setupErrorHandling
DA:8,0
DA:9,0
DA:12,0
DA:15,0
DA:207,0
DA:208,0
DA:209,0
DA:212,0
DA:214,0
DA:215,0
DA:218,0
DA:219,0
DA:220,0
DA:224,0
DA:230,0
DA:231,0
DA:238,0
DA:239,0
DA:245,0
DA:251,0
DA:252,0
DA:255,0
DA:258,0
DA:262,0
LF:24
LH:0
BRDA:218,0,0,0
BRDA:218,0,1,0
BRDA:230,1,0,0
BRDA:230,1,1,0
BRDA:238,2,0,0
BRDA:238,2,1,0
BRF:6
BRH:0
end_of_record
TN:
SF:SERVER/GalaxyDevelopersAI-backend.js
FN:41,(anonymous_0)
FN:43,(anonymous_1)
FN:44,(anonymous_2)
FN:59,(anonymous_3)
FN:68,(anonymous_4)
FN:74,getClaudeChecksumSeed
FN:101,(anonymous_6)
FN:156,(anonymous_7)
FN:166,(anonymous_8)
FN:180,(anonymous_9)
FN:196,(anonymous_10)
FN:299,(anonymous_11)
FN:303,(anonymous_12)
FN:304,(anonymous_13)
FNF:14
FNH:0
FNDA:0,(anonymous_0)
FNDA:0,(anonymous_1)
FNDA:0,(anonymous_2)
FNDA:0,(anonymous_3)
FNDA:0,(anonymous_4)
FNDA:0,getClaudeChecksumSeed
FNDA:0,(anonymous_6)
FNDA:0,(anonymous_7)
FNDA:0,(anonymous_8)
FNDA:0,(anonymous_9)
FNDA:0,(anonymous_10)
FNDA:0,(anonymous_11)
FNDA:0,(anonymous_12)
FNDA:0,(anonymous_13)
DA:2,0
DA:4,0
DA:5,0
DA:6,0
DA:7,0
DA:8,0
DA:9,0
DA:10,0
DA:11,0
DA:12,0
DA:15,0
DA:18,0
DA:19,0
DA:20,0
DA:21,0
DA:23,0
DA:25,0
DA:26,0
DA:29,0
DA:30,0
DA:35,0
DA:37,0
DA:38,0
DA:39,0
DA:41,0
DA:42,0
DA:43,0
DA:44,0
DA:45,0
DA:46,0
DA:47,0
DA:48,0
DA:49,0
DA:52,0
DA:57,0
DA:59,0
DA:60,0
DA:61,0
DA:62,0
DA:63,0
DA:64,0
DA:67,0
DA:68,0
DA:75,0
DA:76,0
DA:77,0
DA:78,0
DA:81,0
DA:82,0
DA:83,0
DA:85,0
DA:86,0
DA:89,0
DA:90,0
DA:91,0
DA:93,0
DA:96,0
DA:97,0
DA:101,0
DA:102,0
DA:103,0
DA:104,0
DA:106,0
DA:114,0
DA:155,0
DA:157,0
DA:158,0
DA:159,0
DA:160,0
DA:162,0
DA:163,0
DA:167,0
DA:168,0
DA:169,0
DA:170,0
DA:171,0
DA:173,0
DA:176,0
DA:177,0
DA:181,0
DA:182,0
DA:183,0
DA:184,0
DA:186,0
DA:187,0
DA:196,0
DA:198,0
DA:199,0
DA:201,0
DA:202,0
DA:205,0
DA:206,0
DA:208,0
DA:209,0
DA:211,0
DA:222,0
DA:224,0
DA:230,0
DA:233,0
DA:234,0
DA:235,0
DA:236,0
DA:238,0
DA:239,0
DA:240,0
DA:242,0
DA:245,0
DA:247,0
DA:248,0
DA:249,0
DA:251,0
DA:262,0
DA:263,0
DA:265,0
DA:266,0
DA:269,0
DA:271,0
DA:272,0
DA:273,0
DA:274,0
DA:280,0
DA:282,0
DA:286,0
DA:289,0
DA:290,0
DA:291,0
DA:292,0
DA:294,0
DA:298,0
DA:299,0
DA:300,0
DA:303,0
DA:304,0
LF:133
LH:0
BRDA:31,0,0,0
BRDA:31,0,1,0
BRDA:47,1,0,0
BRDA:47,1,1,0
BRDA:63,2,0,0
BRDA:63,2,1,0
BRDA:77,3,0,0
BRDA:77,3,1,0
BRDA:85,4,0,0
BRDA:85,4,1,0
BRDA:103,5,0,0
BRDA:103,5,1,0
BRDA:169,6,0,0
BRDA:169,6,1,0
BRDA:201,7,0,0
BRDA:201,7,1,0
BRDA:209,8,0,0
BRDA:209,8,1,0
BRDA:215,9,0,0
BRDA:215,9,1,0
BRDA:216,10,0,0
BRDA:216,10,1,0
BRDA:217,11,0,0
BRDA:217,11,1,0
BRDA:218,12,0,0
BRDA:218,12,1,0
BRDA:222,13,0,0
BRDA:222,13,1,0
BRDA:225,14,0,0
BRDA:225,14,1,0
BRDA:226,15,0,0
BRDA:226,15,1,0
BRDA:238,16,0,0
BRDA:238,16,1,0
BRDA:240,17,0,0
BRDA:240,17,1,0
BRDA:262,18,0,0
BRDA:262,18,1,0
BRDA:265,19,0,0
BRDA:265,19,1,0
BRDA:271,20,0,0
BRDA:271,20,1,0
BRDA:271,21,0,0
BRDA:271,21,1,0
BRDA:290,22,0,0
BRDA:290,22,1,0
BRDA:290,23,0,0
BRDA:290,23,1,0
BRDA:298,24,0,0
BRDA:298,24,1,0
BRF:50
BRH:0
end_of_record
TN:
SF:SERVER/GalaxyDevelopersAI-key-rotator.js
FN:11,(anonymous_0)
FN:18,(anonymous_1)
FN:21,(anonymous_2)
FN:28,(anonymous_3)
FN:37,(anonymous_4)
FN:45,(anonymous_5)
FN:94,(anonymous_6)
FN:121,(anonymous_7)
FN:126,(anonymous_8)
FN:130,(anonymous_9)
FN:131,(anonymous_10)
FN:147,(anonymous_11)
FN:148,(anonymous_12)
FN:159,(anonymous_13)
FNF:14
FNH:0
FNDA:0,(anonymous_0)
FNDA:0,(anonymous_1)
FNDA:0,(anonymous_2)
FNDA:0,(anonymous_3)
FNDA:0,(anonymous_4)
FNDA:0,(anonymous_5)
FNDA:0,(anonymous_6)
FNDA:0,(anonymous_7)
FNDA:0,(anonymous_8)
FNDA:0,(anonymous_9)
FNDA:0,(anonymous_10)
FNDA:0,(anonymous_11)
FNDA:0,(anonymous_12)
FNDA:0,(anonymous_13)
DA:3,0
DA:4,0
DA:5,0
DA:7,0
DA:8,0
DA:12,0
DA:13,0
DA:14,0
DA:15,0
DA:19,0
DA:20,0
DA:21,0
DA:23,0
DA:24,0
DA:29,0
DA:30,0
DA:31,0
DA:33,0
DA:38,0
DA:46,0
DA:47,0
DA:48,0
DA:59,0
DA:60,0
DA:62,0
DA:64,0
DA:67,0
DA:69,0
DA:70,0
DA:72,0
DA:76,0
DA:77,0
DA:81,0
DA:82,0
DA:86,0
DA:87,0
DA:90,0
DA:95,0
DA:97,0
DA:98,0
DA:99,0
DA:101,0
DA:103,0
DA:104,0
DA:110,0
DA:111,0
DA:112,0
DA:114,0
DA:117,0
DA:121,0
DA:124,0
DA:126,0
DA:127,0
DA:131,0
DA:132,0
DA:135,0
DA:136,0
DA:140,0
DA:141,0
DA:143,0
DA:144,0
DA:148,0
DA:149,0
DA:152,0
DA:153,0
DA:156,0
DA:160,0
DA:165,0
DA:170,0
DA:171,0
DA:172,0
DA:174,0
DA:175,0
DA:176,0
DA:177,0
DA:178,0
DA:179,0
DA:181,0
DA:182,0
DA:184,0
DA:185,0
DA:186,0
DA:187,0
DA:189,0
DA:190,0
DA:193,0
DA:194,0
DA:195,0
DA:196,0
DA:200,0
LF:90
LH:0
BRDA:14,0,0,0
BRDA:14,0,1,0
BRDA:15,1,0,0
BRDA:15,1,1,0
BRDA:59,2,0,0
BRDA:59,2,1,0
BRDA:59,3,0,0
BRDA:59,3,1,0
BRDA:64,4,0,0
BRDA:64,4,1,0
BRDA:67,5,0,0
BRDA:67,5,1,0
BRDA:67,6,0,0
BRDA:67,6,1,0
BRDA:69,7,0,0
BRDA:69,7,1,0
BRDA:69,8,0,0
BRDA:69,8,1,0
BRDA:76,9,0,0
BRDA:76,9,1,0
BRDA:76,10,0,0
BRDA:76,10,1,0
BRDA:81,11,0,0
BRDA:81,11,1,0
BRDA:81,12,0,0
BRDA:81,12,1,0
BRDA:86,13,0,0
BRDA:86,13,1,0
BRDA:86,14,0,0
BRDA:86,14,1,0
BRDA:110,15,0,0
BRDA:110,15,1,0
BRDA:111,16,0,0
BRDA:111,16,1,0
BRDA:132,17,0,0
BRDA:132,17,1,0
BRDA:135,18,0,0
BRDA:135,18,1,0
BRDA:149,19,0,0
BRDA:149,19,1,0
BRDA:152,20,0,0
BRDA:152,20,1,0
BRDA:170,21,0,0
BRDA:170,21,1,0
BRDA:174,22,0,0
BRDA:174,22,1,0
BRDA:176,23,0,0
BRDA:176,23,1,0
BRDA:184,24,0,0
BRDA:184,24,1,0
BRF:50
BRH:0
end_of_record
TN:
SF:SERVER/JWTAuthManager.js
FN:11,(anonymous_0)
FN:34,(anonymous_1)
FN:43,(anonymous_2)
FN:61,(anonymous_3)
FN:78,(anonymous_4)
FN:105,(anonymous_5)
FN:142,(anonymous_6)
FN:161,(anonymous_7)
FN:202,(anonymous_8)
FN:226,(anonymous_9)
FN:239,(anonymous_10)
FN:254,(anonymous_11)
FN:269,(anonymous_12)
FNF:13
FNH:0
FNDA:0,(anonymous_0)
FNDA:0,(anonymous_1)
FNDA:0,(anonymous_2)
FNDA:0,(anonymous_3)
FNDA:0,(anonymous_4)
FNDA:0,(anonymous_5)
FNDA:0,(anonymous_6)
FNDA:0,(anonymous_7)
FNDA:0,(anonymous_8)
FNDA:0,(anonymous_9)
FNDA:0,(anonymous_10)
FNDA:0,(anonymous_11)
FNDA:0,(anonymous_12)
DA:7,0
DA:8,0
DA:12,0
DA:13,0
DA:16,0
DA:17,0
DA:20,0
DA:21,0
DA:24,0
DA:27,0
DA:35,0
DA:36,0
DA:37,0
DA:44,0
DA:52,0
DA:62,0
DA:69,0
DA:79,0
DA:81,0
DA:82,0
DA:83,0
DA:87,0
DA:92,0
DA:93,0
DA:96,0
DA:98,0
DA:106,0
DA:108,0
DA:113,0
DA:114,0
DA:118,0
DA:123,0
DA:124,0
DA:128,0
DA:129,0
DA:130,0
DA:133,0
DA:135,0
DA:143,0
DA:145,0
DA:147,0
DA:153,0
DA:154,0
DA:162,0
DA:164,0
DA:165,0
DA:168,0
DA:174,0
DA:175,0
DA:178,0
DA:179,0
DA:185,0
DA:187,0
DA:192,0
DA:193,0
DA:195,0
DA:203,0
DA:204,0
DA:205,0
DA:208,0
DA:210,0
DA:212,0
DA:219,0
DA:227,0
DA:228,0
DA:229,0
DA:231,0
DA:232,0
DA:240,0
DA:241,0
DA:246,0
DA:247,0
DA:255,0
DA:256,0
DA:259,0
DA:261,0
DA:262,0
DA:270,0
DA:280,0
LF:79
LH:0
BRDA:16,0,0,0
BRDA:16,0,1,0
BRDA:17,1,0,0
BRDA:17,1,1,0
BRDA:43,2,0,0
BRDA:82,3,0,0
BRDA:82,3,1,0
BRDA:92,4,0,0
BRDA:92,4,1,0
BRDA:113,5,0,0
BRDA:113,5,1,0
BRDA:123,6,0,0
BRDA:123,6,1,0
BRDA:129,7,0,0
BRDA:129,7,1,0
BRDA:202,8,0,0
BRDA:205,9,0,0
BRDA:205,9,1,0
BRDA:205,10,0,0
BRDA:205,10,1,0
BRDA:210,11,0,0
BRDA:210,11,1,0
BRF:22
BRH:0
end_of_record
TN:
SF:SERVER/PasswordManager.js
FN:15,(anonymous_0)
FN:41,(anonymous_1)
FN:67,(anonymous_2)
FN:78,(anonymous_3)
FN:97,(anonymous_4)
FN:116,(anonymous_5)
FN:126,(anonymous_6)
FN:140,(anonymous_7)
FNF:8
FNH:0
FNDA:0,(anonymous_0)
FNDA:0,(anonymous_1)
FNDA:0,(anonymous_2)
FNDA:0,(anonymous_3)
FNDA:0,(anonymous_4)
FNDA:0,(anonymous_5)
FNDA:0,(anonymous_6)
FNDA:0,(anonymous_7)
DA:7,1
DA:16,0
DA:17,0
DA:20,0
DA:21,0
DA:25,0
DA:28,0
DA:30,0
DA:42,0
DA:43,0
DA:46,0
DA:48,0
DA:51,0
DA:57,0
DA:68,0
DA:69,0
DA:79,0
DA:80,0
DA:83,0
DA:85,0
DA:86,0
DA:89,0
DA:98,0
DA:99,0
DA:102,0
DA:104,0
DA:105,0
DA:108,0
DA:117,0
DA:126,0
DA:128,0
DA:143,0
DA:150,0
DA:154,1
LF:34
LH:2
BRDA:16,0,0,0
BRDA:16,0,1,0
BRDA:16,1,0,0
BRDA:16,1,1,0
BRDA:20,2,0,0
BRDA:20,2,1,0
BRDA:42,3,0,0
BRDA:42,3,1,0
BRDA:42,4,0,0
BRDA:42,4,1,0
BRDA:42,4,2,0
BRDA:79,5,0,0
BRDA:79,5,1,0
BRDA:79,6,0,0
BRDA:79,6,1,0
BRDA:85,7,0,0
BRDA:85,7,1,0
BRDA:85,8,0,0
BRDA:85,8,1,0
BRDA:97,9,0,0
BRDA:130,10,0,0
BRDA:130,10,1,0
BRDA:130,11,0,0
BRDA:130,11,1,0
BRF:24
BRH:0
end_of_record
TN:
SF:SERVER/auth-real.js
FN:17,(anonymous_0)
FN:60,(anonymous_1)
FN:108,(anonymous_2)
FNF:3
FNH:0
FNDA:0,(anonymous_0)
FNDA:0,(anonymous_1)
FNDA:0,(anonymous_2)
DA:6,1
DA:7,1
DA:8,1
DA:9,1
DA:10,1
DA:11,1
DA:14,1
DA:17,1
DA:18,0
DA:19,0
DA:22,0
DA:23,0
DA:24,0
DA:31,0
DA:34,0
DA:39,0
DA:42,0
DA:44,0
DA:50,0
DA:51,0
DA:53,0
DA:54,0
DA:60,1
DA:61,0
DA:62,0
DA:65,0
DA:70,0
DA:72,0
DA:75,0
DA:78,0
DA:79,0
DA:83,0
DA:89,0
DA:91,0
DA:102,0
DA:103,0
DA:108,1
DA:109,0
DA:111,0
DA:112,0
DA:115,0
DA:116,0
DA:117,0
DA:118,0
DA:120,0
DA:124,1
DA:126,1
LF:47
LH:12
BRDA:23,0,0,0
BRDA:23,0,1,0
BRDA:50,1,0,0
BRDA:50,1,1,0
BRDA:70,2,0,0
BRDA:70,2,1,0
BRDA:78,3,0,0
BRDA:78,3,1,0
BRDA:111,4,0,0
BRDA:111,4,1,0
BRF:10
BRH:0
end_of_record
TN:
SF:SERVER/auth-v2.js
FN:19,(anonymous_0)
FN:33,(anonymous_1)
FN:101,(anonymous_2)
FN:193,(anonymous_3)
FN:242,(anonymous_4)
FN:285,(anonymous_5)
FN:308,(anonymous_6)
FN:340,(anonymous_7)
FNF:8
FNH:0
FNDA:0,(anonymous_0)
FNDA:0,(anonymous_1)
FNDA:0,(anonymous_2)
FNDA:0,(anonymous_3)
FNDA:0,(anonymous_4)
FNDA:0,(anonymous_5)
FNDA:0,(anonymous_6)
FNDA:0,(anonymous_7)
DA:7,0
DA:8,0
DA:9,0
DA:10,0
DA:11,0
DA:12,0
DA:15,0
DA:19,0
DA:20,0
DA:21,0
DA:22,0
DA:23,0
DA:25,0
DA:26,0
DA:33,0
DA:34,0
DA:35,0
DA:38,0
DA:39,0
DA:40,0
DA:47,0
DA:52,0
DA:53,0
DA:57,0
DA:60,0
DA:67,0
DA:70,0
DA:71,0
DA:74,0
DA:77,0
DA:78,0
DA:85,0
DA:87,0
DA:93,0
DA:94,0
DA:101,0
DA:102,0
DA:103,0
DA:105,0
DA:106,0
DA:110,0
DA:117,0
DA:119,0
DA:122,0
DA:125,0
DA:126,0
DA:127,0
DA:128,0
DA:135,0
DA:137,0
DA:144,0
DA:148,0
DA:157,0
DA:158,0
DA:161,0
DA:164,0
DA:165,0
DA:172,0
DA:174,0
DA:185,0
DA:186,0
DA:193,0
DA:194,0
DA:195,0
DA:197,0
DA:198,0
DA:202,0
DA:205,0
DA:210,0
DA:211,0
DA:214,0
DA:218,0
DA:221,0
DA:227,0
DA:229,0
DA:234,0
DA:235,0
DA:242,0
DA:243,0
DA:244,0
DA:245,0
DA:247,0
DA:249,0
DA:252,0
DA:253,0
DA:255,0
DA:264,0
DA:266,0
DA:273,0
DA:275,0
DA:277,0
DA:278,0
DA:285,0
DA:286,0
DA:287,0
DA:289,0
DA:290,0
DA:293,0
DA:295,0
DA:301,0
DA:308,0
DA:309,0
DA:310,0
DA:312,0
DA:313,0
DA:316,0
DA:319,0
DA:322,0
DA:325,0
DA:327,0
DA:332,0
DA:333,0
DA:340,0
DA:341,0
DA:342,0
DA:344,0
DA:345,0
DA:348,0
DA:349,0
DA:352,0
DA:353,0
DA:359,0
DA:361,0
DA:362,0
DA:364,0
DA:365,0
DA:367,0
DA:372,0
DA:377,0
LF:129
LH:0
BRDA:39,0,0,0
BRDA:39,0,1,0
BRDA:52,1,0,0
BRDA:52,1,1,0
BRDA:105,2,0,0
BRDA:105,2,1,0
BRDA:105,3,0,0
BRDA:105,3,1,0
BRDA:117,4,0,0
BRDA:117,4,1,0
BRDA:125,5,0,0
BRDA:125,5,1,0
BRDA:127,6,0,0
BRDA:127,6,1,0
BRDA:135,7,0,0
BRDA:135,7,1,0
BRDA:157,8,0,0
BRDA:157,8,1,0
BRDA:181,9,0,0
BRDA:181,9,1,0
BRDA:197,10,0,0
BRDA:197,10,1,0
BRDA:210,11,0,0
BRDA:210,11,1,0
BRDA:247,12,0,0
BRDA:247,12,1,0
BRDA:253,13,0,0
BRDA:253,13,1,0
BRDA:253,14,0,0
BRDA:253,14,1,0
BRDA:264,15,0,0
BRDA:264,15,1,0
BRDA:289,16,0,0
BRDA:289,16,1,0
BRDA:312,17,0,0
BRDA:312,17,1,0
BRDA:344,18,0,0
BRDA:344,18,1,0
BRDA:352,19,0,0
BRDA:352,19,1,0
BRDA:361,20,0,0
BRDA:361,20,1,0
BRDA:364,21,0,0
BRDA:364,21,1,0
BRF:44
BRH:0
end_of_record
TN:
SF:SERVER/gemini-functions.js
FN:14,(anonymous_0)
FN:25,(anonymous_1)
FN:65,(anonymous_2)
FN:78,(anonymous_3)
FN:91,(anonymous_4)
FN:121,(anonymous_5)
FN:136,(anonymous_6)
FN:162,(anonymous_7)
FN:175,(anonymous_8)
FN:190,(anonymous_9)
FN:211,(anonymous_10)
FN:239,(anonymous_11)
FNF:12
FNH:0
FNDA:0,(anonymous_0)
FNDA:0,(anonymous_1)
FNDA:0,(anonymous_2)
FNDA:0,(anonymous_3)
FNDA:0,(anonymous_4)
FNDA:0,(anonymous_5)
FNDA:0,(anonymous_6)
FNDA:0,(anonymous_7)
FNDA:0,(anonymous_8)
FNDA:0,(anonymous_9)
FNDA:0,(anonymous_10)
FNDA:0,(anonymous_11)
DA:6,0
DA:7,0
DA:8,0
DA:11,0
DA:15,0
DA:16,0
DA:18,0
DA:19,0
DA:26,0
DA:32,0
DA:33,0
DA:36,0
DA:38,0
DA:66,0
DA:68,0
DA:69,0
DA:71,0
DA:72,0
DA:79,0
DA:81,0
DA:82,0
DA:84,0
DA:85,0
DA:100,0
DA:102,0
DA:111,0
DA:112,0
DA:114,0
DA:115,0
DA:122,0
DA:124,0
DA:126,0
DA:128,0
DA:129,0
DA:137,0
DA:140,0
DA:141,0
DA:143,0
DA:153,0
DA:155,0
DA:156,0
DA:163,0
DA:165,0
DA:167,0
DA:169,0
DA:176,0
DA:177,0
DA:178,0
DA:179,0
DA:180,0
DA:182,0
DA:183,0
DA:191,0
DA:195,0
DA:197,0
DA:198,0
DA:199,0
DA:205,0
DA:212,0
DA:221,0
DA:222,0
DA:223,0
DA:226,0
DA:231,0
DA:233,0
DA:240,0
DA:242,0
DA:243,0
DA:246,0
DA:248,0
DA:249,0
DA:251,0
DA:253,0
DA:255,0
DA:257,0
DA:265,0
LF:76
LH:0
BRDA:15,0,0,0
BRDA:15,0,1,0
BRDA:25,1,0,0
BRDA:25,2,0,0
BRDA:32,3,0,0
BRDA:32,3,1,0
BRDA:65,4,0,0
BRDA:78,5,0,0
BRDA:91,6,0,0
BRDA:93,7,0,0
BRDA:94,8,0,0
BRDA:95,9,0,0
BRDA:96,10,0,0
BRDA:97,11,0,0
BRDA:98,12,0,0
BRDA:99,13,0,0
BRDA:121,14,0,0
BRDA:136,15,0,0
BRDA:162,16,0,0
BRDA:218,17,0,0
BRDA:218,17,1,0
BRDA:222,18,0,0
BRDA:222,18,1,0
BRDA:242,19,0,0
BRDA:242,19,1,0
BRDA:255,20,0,0
BRDA:255,20,1,0
BRF:27
BRH:0
end_of_record
TN:
SF:SERVER/test-gemini.js
FN:11,testGemini
FNF:1
FNH:0
FNDA:0,testGemini
DA:8,0
DA:9,0
DA:14,0
DA:15,0
DA:16,0
DA:17,0
DA:19,0
DA:20,0
DA:21,0
DA:25,0
DA:26,0
DA:27,0
DA:30,0
DA:32,0
DA:35,0
DA:36,0
DA:38,0
DA:40,0
DA:41,0
DA:42,0
DA:44,0
DA:45,0
DA:47,0
DA:48,0
DA:50,0
DA:54,0
DA:55,0
DA:57,0
DA:58,0
DA:67,0
DA:69,0
DA:73,0
DA:74,0
DA:76,0
DA:77,0
DA:78,0
DA:79,0
DA:80,0
DA:82,0
DA:86,0
DA:87,0
DA:89,0
DA:96,0
DA:97,0
DA:100,0
DA:103,0
DA:104,0
DA:106,0
DA:107,0
DA:108,0
DA:110,0
DA:113,0
DA:120,0
DA:122,0
DA:123,0
DA:124,0
DA:126,0
DA:130,0
DA:131,0
DA:133,0
DA:134,0
DA:135,0
DA:137,0
DA:139,0
DA:148,0
DA:157,0
DA:158,0
DA:160,0
DA:161,0
DA:164,0
DA:167,0
DA:171,0
LF:72
LH:0
BRDA:25,0,0,0
BRDA:25,0,1,0
BRDA:48,1,0,0
BRDA:48,1,1,0
BRDA:124,2,0,0
BRDA:124,2,1,0
BRDA:161,3,0,0
BRDA:161,3,1,0
BRF:8
BRH:0
end_of_record
